        -:    0:Source:dominion.c
        -:    0:Graph:dominion.gcno
        -:    0:Data:dominion.gcda
        -:    0:Runs:55
        -:    0:Programs:32
        -:    1:#include "dominion.h"
        -:    2:#include "dominion_helpers.h"
        -:    3:#include "rngs.h"
        -:    4:#include <stdio.h>
        -:    5:#include <math.h>
        -:    6:#include <stdlib.h>
        -:    7:
function compare called 1740 returned 100% blocks executed 83%
     1740:    8:int compare(const void* a, const void* b) {
     1740:    9:    if (*(int*)a > *(int*)b)
branch  0 taken 0% (fallthrough)
branch  1 taken 100%
    #####:   10:        return 1;
     1740:   11:    if (*(int*)a < *(int*)b)
branch  0 taken 27% (fallthrough)
branch  1 taken 73%
      464:   12:        return -1;
     1276:   13:    return 0;
        -:   14:}
        -:   15:
function newGame called 0 returned 0% blocks executed 0%
    #####:   16:struct gameState* newGame() {
    #####:   17:    struct gameState* g = malloc(sizeof(struct gameState));
    #####:   18:    return g;
        -:   19:}
        -:   20:
function kingdomCards called 0 returned 0% blocks executed 0%
    #####:   21:int* kingdomCards(int k1, int k2, int k3, int k4, int k5, int k6, int k7,
        -:   22:                  int k8, int k9, int k10) {
    #####:   23:    int* k = malloc(10 * sizeof(int));
    #####:   24:    k[0] = k1;
    #####:   25:    k[1] = k2;
    #####:   26:    k[2] = k3;
    #####:   27:    k[3] = k4;
    #####:   28:    k[4] = k5;
    #####:   29:    k[5] = k6;
    #####:   30:    k[6] = k7;
    #####:   31:    k[7] = k8;
    #####:   32:    k[8] = k9;
    #####:   33:    k[9] = k10;
    #####:   34:    return k;
        -:   35:}
        -:   36:
function initializeGame called 55 returned 100% blocks executed 94%
       55:   37:int initializeGame(int numPlayers, int kingdomCards[10], int randomSeed,
        -:   38:                   struct gameState *state) {
        -:   39:    int i;
        -:   40:    int j;
        -:   41:    int it;
        -:   42:
        -:   43:    //set up random number generator
       55:   44:    SelectStream(1);
call    0 returned 100%
       55:   45:    PutSeed((long)randomSeed);
call    0 returned 100%
        -:   46:
        -:   47:    //check number of players
       55:   48:    if (numPlayers > MAX_PLAYERS || numPlayers < 2)
branch  0 taken 100% (fallthrough)
branch  1 taken 0%
branch  2 taken 0% (fallthrough)
branch  3 taken 100%
        -:   49:    {
    #####:   50:        return -1;
        -:   51:    }
        -:   52:
        -:   53:    //set number of players
       55:   54:    state->numPlayers = numPlayers;
        -:   55:
        -:   56:    //check selected kingdom cards are different
      605:   57:    for (i = 0; i < 10; i++)
branch  0 taken 91%
branch  1 taken 9% (fallthrough)
        -:   58:    {
     6050:   59:        for (j = 0; j < 10; j++)
branch  0 taken 91%
branch  1 taken 9% (fallthrough)
        -:   60:        {
     5500:   61:            if (j != i && kingdomCards[j] == kingdomCards[i])
branch  0 taken 90% (fallthrough)
branch  1 taken 10%
branch  2 taken 0% (fallthrough)
branch  3 taken 100%
        -:   62:            {
    #####:   63:                return -1;
        -:   64:            }
        -:   65:        }
        -:   66:    }
        -:   67:
        -:   68:
        -:   69:    //initialize supply
        -:   70:    ///////////////////////////////
        -:   71:
        -:   72:    //set number of Curse cards
       55:   73:    if (numPlayers == 2)
branch  0 taken 89% (fallthrough)
branch  1 taken 11%
        -:   74:    {
       49:   75:        state->supplyCount[curse] = 10;
        -:   76:    }
        6:   77:    else if (numPlayers == 3)
branch  0 taken 100% (fallthrough)
branch  1 taken 0%
        -:   78:    {
        6:   79:        state->supplyCount[curse] = 20;
        -:   80:    }
        -:   81:    else
        -:   82:    {
    #####:   83:        state->supplyCount[curse] = 30;
        -:   84:    }
        -:   85:
        -:   86:    //set number of Victory cards
       55:   87:    if (numPlayers == 2)
branch  0 taken 89% (fallthrough)
branch  1 taken 11%
        -:   88:    {
       49:   89:        state->supplyCount[estate] = 8;
       49:   90:        state->supplyCount[duchy] = 8;
       49:   91:        state->supplyCount[province] = 8;
        -:   92:    }
        -:   93:    else
        -:   94:    {
        6:   95:        state->supplyCount[estate] = 12;
        6:   96:        state->supplyCount[duchy] = 12;
        6:   97:        state->supplyCount[province] = 12;
        -:   98:    }
        -:   99:
        -:  100:    //set number of Treasure cards
       55:  101:    state->supplyCount[copper] = 60 - (7 * numPlayers);
       55:  102:    state->supplyCount[silver] = 40;
       55:  103:    state->supplyCount[gold] = 30;
        -:  104:
        -:  105:    //set number of Kingdom cards
     1155:  106:    for (i = adventurer; i <= treasure_map; i++)       	//loop all cards
branch  0 taken 95%
branch  1 taken 5% (fallthrough)
        -:  107:    {
     9075:  108:        for (j = 0; j < 10; j++)           		//loop chosen cards
branch  0 taken 94%
branch  1 taken 6% (fallthrough)
        -:  109:        {
     8525:  110:            if (kingdomCards[j] == i)
branch  0 taken 6% (fallthrough)
branch  1 taken 94%
        -:  111:            {
        -:  112:                //check if card is a 'Victory' Kingdom card
      550:  113:                if (kingdomCards[j] == great_hall || kingdomCards[j] == gardens)
branch  0 taken 90% (fallthrough)
branch  1 taken 10%
branch  2 taken 11% (fallthrough)
branch  3 taken 89%
        -:  114:                {
      220:  115:                    if (numPlayers == 2) {
branch  0 taken 89% (fallthrough)
branch  1 taken 11%
       98:  116:                        state->supplyCount[i] = 8;
        -:  117:                    }
        -:  118:                    else {
       12:  119:                        state->supplyCount[i] = 12;
        -:  120:                    }
        -:  121:                }
        -:  122:                else
        -:  123:                {
      440:  124:                    state->supplyCount[i] = 10;
        -:  125:                }
      550:  126:                break;
        -:  127:            }
        -:  128:            else    //card is not in the set choosen for the game
        -:  129:            {
     7975:  130:                state->supplyCount[i] = -1;
        -:  131:            }
        -:  132:        }
        -:  133:
        -:  134:    }
        -:  135:
        -:  136:    ////////////////////////
        -:  137:    //supply intilization complete
        -:  138:
        -:  139:    //set player decks
      171:  140:    for (i = 0; i < numPlayers; i++)
branch  0 taken 68%
branch  1 taken 32% (fallthrough)
        -:  141:    {
      116:  142:        state->deckCount[i] = 0;
      464:  143:        for (j = 0; j < 3; j++)
branch  0 taken 75%
branch  1 taken 25% (fallthrough)
        -:  144:        {
      348:  145:            state->deck[i][j] = estate;
      348:  146:            state->deckCount[i]++;
        -:  147:        }
      928:  148:        for (j = 3; j < 10; j++)
branch  0 taken 88%
branch  1 taken 13% (fallthrough)
        -:  149:        {
      812:  150:            state->deck[i][j] = copper;
      812:  151:            state->deckCount[i]++;
        -:  152:        }
        -:  153:    }
        -:  154:
        -:  155:    //shuffle player decks
      171:  156:    for (i = 0; i < numPlayers; i++)
branch  0 taken 68%
branch  1 taken 32% (fallthrough)
        -:  157:    {
      116:  158:        if ( shuffle(i, state) < 0 )
call    0 returned 100%
branch  1 taken 0% (fallthrough)
branch  2 taken 100%
        -:  159:        {
    #####:  160:            return -1;
        -:  161:        }
        -:  162:    }
        -:  163:
        -:  164:    //draw player hands
      171:  165:    for (i = 0; i < numPlayers; i++)
branch  0 taken 68%
branch  1 taken 32% (fallthrough)
        -:  166:    {
        -:  167:        //initialize hand size to zero
      116:  168:        state->handCount[i] = 0;
      116:  169:        state->discardCount[i] = 0;
        -:  170:        //draw 5 cards
        -:  171:        // for (j = 0; j < 5; j++)
        -:  172:        //	{
        -:  173:        //	  drawCard(i, state);
        -:  174:        //	}
        -:  175:    }
        -:  176:
        -:  177:    //set embargo tokens to 0 for all supply piles
     1540:  178:    for (i = 0; i <= treasure_map; i++)
branch  0 taken 96%
branch  1 taken 4% (fallthrough)
        -:  179:    {
     1485:  180:        state->embargoTokens[i] = 0;
        -:  181:    }
        -:  182:
        -:  183:    //initialize first player's turn
       55:  184:    state->outpostPlayed = 0;
       55:  185:    state->phase = 0;
       55:  186:    state->numActions = 1;
       55:  187:    state->numBuys = 1;
       55:  188:    state->playedCardCount = 0;
       55:  189:    state->whoseTurn = 0;
       55:  190:    state->handCount[state->whoseTurn] = 0;
        -:  191:    //int it; move to top
        -:  192:
        -:  193:    //Moved draw cards to here, only drawing at the start of a turn
      330:  194:    for (it = 0; it < 5; it++) {
branch  0 taken 83%
branch  1 taken 17% (fallthrough)
      275:  195:        drawCard(state->whoseTurn, state);
call    0 returned 100%
        -:  196:    }
        -:  197:
       55:  198:    updateCoins(state->whoseTurn, state, 0);
call    0 returned 100%
        -:  199:
       55:  200:    return 0;
        -:  201:}
        -:  202:
function shuffle called 116 returned 100% blocks executed 94%
      116:  203:int shuffle(int player, struct gameState *state) {
        -:  204:
        -:  205:
        -:  206:    int newDeck[MAX_DECK];
      116:  207:    int newDeckPos = 0;
        -:  208:    int card;
        -:  209:    int i;
        -:  210:
      116:  211:    if (state->deckCount[player] < 1)
branch  0 taken 0% (fallthrough)
branch  1 taken 100%
    #####:  212:        return -1;
      116:  213:    qsort ((void*)(state->deck[player]), state->deckCount[player], sizeof(int), compare);
call    0 returned 100%
        -:  214:    /* SORT CARDS IN DECK TO ENSURE DETERMINISM! */
        -:  215:
     1392:  216:    while (state->deckCount[player] > 0) {
branch  0 taken 91%
branch  1 taken 9% (fallthrough)
     1160:  217:        card = floor(Random() * state->deckCount[player]);
call    0 returned 100%
     1160:  218:        newDeck[newDeckPos] = state->deck[player][card];
     1160:  219:        newDeckPos++;
     3411:  220:        for (i = card; i < state->deckCount[player]-1; i++) {
branch  0 taken 66%
branch  1 taken 34% (fallthrough)
     2251:  221:            state->deck[player][i] = state->deck[player][i+1];
        -:  222:        }
     1160:  223:        state->deckCount[player]--;
        -:  224:    }
     1276:  225:    for (i = 0; i < newDeckPos; i++) {
branch  0 taken 91%
branch  1 taken 9% (fallthrough)
     1160:  226:        state->deck[player][i] = newDeck[i];
     1160:  227:        state->deckCount[player]++;
        -:  228:    }
        -:  229:
      116:  230:    return 0;
        -:  231:}
        -:  232:
function playCard called 0 returned 0% blocks executed 0%
    #####:  233:int playCard(int handPos, int choice1, int choice2, int choice3, struct gameState *state)
        -:  234:{
        -:  235:    int card;
    #####:  236:    int coin_bonus = 0; 		//tracks coins gain from actions
        -:  237:
        -:  238:    //check if it is the right phase
    #####:  239:    if (state->phase != 0)
branch  0 never executed
branch  1 never executed
        -:  240:    {
    #####:  241:        return -1;
        -:  242:    }
        -:  243:
        -:  244:    //check if player has enough actions
    #####:  245:    if ( state->numActions < 1 )
branch  0 never executed
branch  1 never executed
        -:  246:    {
    #####:  247:        return -1;
        -:  248:    }
        -:  249:
        -:  250:    //get card played
    #####:  251:    card = handCard(handPos, state);
call    0 never executed
        -:  252:
        -:  253:    //check if selected card is an action
    #####:  254:    if ( card < adventurer || card > treasure_map )
branch  0 never executed
branch  1 never executed
branch  2 never executed
branch  3 never executed
        -:  255:    {
    #####:  256:        return -1;
        -:  257:    }
        -:  258:
        -:  259:    //play card
    #####:  260:    if ( cardEffect(card, choice1, choice2, choice3, state, handPos, &coin_bonus) < 0 )
call    0 never executed
branch  1 never executed
branch  2 never executed
        -:  261:    {
    #####:  262:        return -1;
        -:  263:    }
        -:  264:
        -:  265:    //reduce number of actions
    #####:  266:    state->numActions--;
        -:  267:
        -:  268:    //update coins (Treasure cards may be added with card draws)
    #####:  269:    updateCoins(state->whoseTurn, state, coin_bonus);
call    0 never executed
        -:  270:
    #####:  271:    return 0;
        -:  272:}
        -:  273:
function buyCard called 0 returned 0% blocks executed 0%
    #####:  274:int buyCard(int supplyPos, struct gameState *state) {
        -:  275:    int who;
        -:  276:    if (DEBUG) {
        -:  277:        printf("Entering buyCard...\n");
        -:  278:    }
        -:  279:
        -:  280:    // I don't know what to do about the phase thing.
        -:  281:
    #####:  282:    who = state->whoseTurn;
        -:  283:
    #####:  284:    if (state->numBuys < 1) {
branch  0 never executed
branch  1 never executed
        -:  285:        if (DEBUG)
        -:  286:            printf("You do not have any buys left\n");
    #####:  287:        return -1;
    #####:  288:    } else if (supplyCount(supplyPos, state) <1) {
call    0 never executed
branch  1 never executed
branch  2 never executed
        -:  289:        if (DEBUG)
        -:  290:            printf("There are not any of that type of card left\n");
    #####:  291:        return -1;
    #####:  292:    } else if (state->coins < getCost(supplyPos)) {
call    0 never executed
branch  1 never executed
branch  2 never executed
        -:  293:        if (DEBUG)
        -:  294:            printf("You do not have enough money to buy that. You have %d coins.\n", state->coins);
    #####:  295:        return -1;
        -:  296:    } else {
    #####:  297:        state->phase=1;
        -:  298:        //state->supplyCount[supplyPos]--;
    #####:  299:        gainCard(supplyPos, state, 0, who); //card goes in discard, this might be wrong.. (2 means goes into hand, 0 goes into discard)
call    0 never executed
        -:  300:
    #####:  301:        state->coins = (state->coins) - (getCost(supplyPos));
call    0 never executed
    #####:  302:        state->numBuys--;
        -:  303:        if (DEBUG)
        -:  304:            printf("You bought card number %d for %d coins. You now have %d buys and %d coins.\n", supplyPos, getCost(supplyPos), state->numBuys, state->coins);
        -:  305:    }
        -:  306:
        -:  307:    //state->discard[who][state->discardCount[who]] = supplyPos;
        -:  308:    //state->discardCount[who]++;
        -:  309:
    #####:  310:    return 0;
        -:  311:}
        -:  312:
function numHandCards called 38 returned 100% blocks executed 100%
       38:  313:int numHandCards(struct gameState *state) {
       38:  314:    return state->handCount[ whoseTurn(state) ];
call    0 returned 100%
        -:  315:}
        -:  316:
function handCard called 0 returned 0% blocks executed 0%
    #####:  317:int handCard(int handPos, struct gameState *state) {
    #####:  318:    int currentPlayer = whoseTurn(state);
call    0 never executed
    #####:  319:    return state->hand[currentPlayer][handPos];
        -:  320:}
        -:  321:
function supplyCount called 63 returned 100% blocks executed 100%
       63:  322:int supplyCount(int card, struct gameState *state) {
       63:  323:    return state->supplyCount[card];
        -:  324:}
        -:  325:
function fullDeckCount called 0 returned 0% blocks executed 0%
    #####:  326:int fullDeckCount(int player, int card, struct gameState *state) {
        -:  327:    int i;
    #####:  328:    int count = 0;
        -:  329:
    #####:  330:    for (i = 0; i < state->deckCount[player]; i++)
branch  0 never executed
branch  1 never executed
        -:  331:    {
    #####:  332:        if (state->deck[player][i] == card) count++;
branch  0 never executed
branch  1 never executed
        -:  333:    }
        -:  334:
    #####:  335:    for (i = 0; i < state->handCount[player]; i++)
branch  0 never executed
branch  1 never executed
        -:  336:    {
    #####:  337:        if (state->hand[player][i] == card) count++;
branch  0 never executed
branch  1 never executed
        -:  338:    }
        -:  339:
    #####:  340:    for (i = 0; i < state->discardCount[player]; i++)
branch  0 never executed
branch  1 never executed
        -:  341:    {
    #####:  342:        if (state->discard[player][i] == card) count++;
branch  0 never executed
branch  1 never executed
        -:  343:    }
        -:  344:
    #####:  345:    return count;
        -:  346:}
        -:  347:
function whoseTurn called 38 returned 100% blocks executed 100%
       38:  348:int whoseTurn(struct gameState *state) {
       38:  349:    return state->whoseTurn;
        -:  350:}
        -:  351:
function endTurn called 0 returned 0% blocks executed 0%
    #####:  352:int endTurn(struct gameState *state) {
        -:  353:    int k;
        -:  354:    int i;
    #####:  355:    int currentPlayer = whoseTurn(state);
call    0 never executed
        -:  356:
        -:  357:    //Discard hand
    #####:  358:    for (i = 0; i < state->handCount[currentPlayer]; i++) {
branch  0 never executed
branch  1 never executed
    #####:  359:        state->discard[currentPlayer][state->discardCount[currentPlayer]++] = state->hand[currentPlayer][i];//Discard
    #####:  360:        state->hand[currentPlayer][i] = -1;//Set card to -1
        -:  361:    }
    #####:  362:    state->handCount[currentPlayer] = 0;//Reset hand count
        -:  363:
        -:  364:    //Code for determining the player
    #####:  365:    if (currentPlayer < (state->numPlayers - 1)) {
branch  0 never executed
branch  1 never executed
    #####:  366:        state->whoseTurn = currentPlayer + 1;//Still safe to increment
        -:  367:    }
        -:  368:    else {
    #####:  369:        state->whoseTurn = 0;//Max player has been reached, loop back around to player 1
        -:  370:    }
        -:  371:
    #####:  372:    state->outpostPlayed = 0;
    #####:  373:    state->phase = 0;
    #####:  374:    state->numActions = 1;
    #####:  375:    state->coins = 0;
    #####:  376:    state->numBuys = 1;
    #####:  377:    state->playedCardCount = 0;
    #####:  378:    state->handCount[state->whoseTurn] = 0;
        -:  379:
        -:  380:    //int k; move to top
        -:  381:    //Next player draws hand
    #####:  382:    for (k = 0; k < 5; k++) {
branch  0 never executed
branch  1 never executed
    #####:  383:        drawCard(state->whoseTurn, state);//Draw a card
call    0 never executed
        -:  384:    }
        -:  385:
        -:  386:    //Update money
    #####:  387:    updateCoins(state->whoseTurn, state, 0);
call    0 never executed
        -:  388:
    #####:  389:    return 0;
        -:  390:}
        -:  391:
function isGameOver called 6 returned 100% blocks executed 82%
        6:  392:int isGameOver(struct gameState *state) {
        -:  393:    int i;
        -:  394:    int j;
        -:  395:
        -:  396:    //if stack of Province cards is empty, the game ends
        6:  397:    if (state->supplyCount[province] == 0)
branch  0 taken 0% (fallthrough)
branch  1 taken 100%
        -:  398:    {
    #####:  399:        return 1;
        -:  400:    }
        -:  401:
        -:  402:    //if three supply pile are at 0, the game ends
        6:  403:    j = 0;
      156:  404:    for (i = 0; i < 25; i++)
branch  0 taken 96%
branch  1 taken 4% (fallthrough)
        -:  405:    {
      150:  406:        if (state->supplyCount[i] == 0)
branch  0 taken 4% (fallthrough)
branch  1 taken 96%
        -:  407:        {
        6:  408:            j++;
        -:  409:        }
        -:  410:    }
        6:  411:    if ( j >= 3)
branch  0 taken 0% (fallthrough)
branch  1 taken 100%
        -:  412:    {
    #####:  413:        return 1;
        -:  414:    }
        -:  415:
        6:  416:    return 0;
        -:  417:}
        -:  418:
function scoreFor called 0 returned 0% blocks executed 0%
    #####:  419:int scoreFor (int player, struct gameState *state) {
        -:  420:
        -:  421:    int i;
    #####:  422:    int score = 0;
        -:  423:    //score from hand
    #####:  424:    for (i = 0; i < state->handCount[player]; i++)
branch  0 never executed
branch  1 never executed
        -:  425:    {
    #####:  426:        if (state->hand[player][i] == curse) {
branch  0 never executed
branch  1 never executed
    #####:  427:            score = score - 1;
        -:  428:        };
    #####:  429:        if (state->hand[player][i] == estate) {
branch  0 never executed
branch  1 never executed
    #####:  430:            score = score + 1;
        -:  431:        };
    #####:  432:        if (state->hand[player][i] == duchy) {
branch  0 never executed
branch  1 never executed
    #####:  433:            score = score + 3;
        -:  434:        };
    #####:  435:        if (state->hand[player][i] == province) {
branch  0 never executed
branch  1 never executed
    #####:  436:            score = score + 6;
        -:  437:        };
    #####:  438:        if (state->hand[player][i] == great_hall) {
branch  0 never executed
branch  1 never executed
    #####:  439:            score = score + 1;
        -:  440:        };
    #####:  441:        if (state->hand[player][i] == gardens) {
branch  0 never executed
branch  1 never executed
    #####:  442:            score = score + ( fullDeckCount(player, 0, state) / 10 );
call    0 never executed
        -:  443:        };
        -:  444:    }
        -:  445:
        -:  446:    //score from discard
    #####:  447:    for (i = 0; i < state->discardCount[player]; i++)
branch  0 never executed
branch  1 never executed
        -:  448:    {
    #####:  449:        if (state->discard[player][i] == curse) {
branch  0 never executed
branch  1 never executed
    #####:  450:            score = score - 1;
        -:  451:        };
    #####:  452:        if (state->discard[player][i] == estate) {
branch  0 never executed
branch  1 never executed
    #####:  453:            score = score + 1;
        -:  454:        };
    #####:  455:        if (state->discard[player][i] == duchy) {
branch  0 never executed
branch  1 never executed
    #####:  456:            score = score + 3;
        -:  457:        };
    #####:  458:        if (state->discard[player][i] == province) {
branch  0 never executed
branch  1 never executed
    #####:  459:            score = score + 6;
        -:  460:        };
    #####:  461:        if (state->discard[player][i] == great_hall) {
branch  0 never executed
branch  1 never executed
    #####:  462:            score = score + 1;
        -:  463:        };
    #####:  464:        if (state->discard[player][i] == gardens) {
branch  0 never executed
branch  1 never executed
    #####:  465:            score = score + ( fullDeckCount(player, 0, state) / 10 );
call    0 never executed
        -:  466:        };
        -:  467:    }
        -:  468:
        -:  469:    //score from deck
    #####:  470:    for (i = 0; i < state->discardCount[player]; i++)
branch  0 never executed
branch  1 never executed
        -:  471:    {
    #####:  472:        if (state->deck[player][i] == curse) {
branch  0 never executed
branch  1 never executed
    #####:  473:            score = score - 1;
        -:  474:        };
    #####:  475:        if (state->deck[player][i] == estate) {
branch  0 never executed
branch  1 never executed
    #####:  476:            score = score + 1;
        -:  477:        };
    #####:  478:        if (state->deck[player][i] == duchy) {
branch  0 never executed
branch  1 never executed
    #####:  479:            score = score + 3;
        -:  480:        };
    #####:  481:        if (state->deck[player][i] == province) {
branch  0 never executed
branch  1 never executed
    #####:  482:            score = score + 6;
        -:  483:        };
    #####:  484:        if (state->deck[player][i] == great_hall) {
branch  0 never executed
branch  1 never executed
    #####:  485:            score = score + 1;
        -:  486:        };
    #####:  487:        if (state->deck[player][i] == gardens) {
branch  0 never executed
branch  1 never executed
    #####:  488:            score = score + ( fullDeckCount(player, 0, state) / 10 );
call    0 never executed
        -:  489:        };
        -:  490:    }
        -:  491:
    #####:  492:    return score;
        -:  493:}
        -:  494:
function getWinners called 0 returned 0% blocks executed 0%
    #####:  495:int getWinners(int players[MAX_PLAYERS], struct gameState *state) {
        -:  496:    int i;
        -:  497:    int j;
        -:  498:    int highScore;
        -:  499:    int currentPlayer;
        -:  500:
        -:  501:    //get score for each player
    #####:  502:    for (i = 0; i < MAX_PLAYERS; i++)
branch  0 never executed
branch  1 never executed
        -:  503:    {
        -:  504:        //set unused player scores to -9999
    #####:  505:        if (i >= state->numPlayers)
branch  0 never executed
branch  1 never executed
        -:  506:        {
    #####:  507:            players[i] = -9999;
        -:  508:        }
        -:  509:        else
        -:  510:        {
    #####:  511:            players[i] = scoreFor (i, state);
call    0 never executed
        -:  512:        }
        -:  513:    }
        -:  514:
        -:  515:    //find highest score
    #####:  516:    j = 0;
    #####:  517:    for (i = 0; i < MAX_PLAYERS; i++)
branch  0 never executed
branch  1 never executed
        -:  518:    {
    #####:  519:        if (players[i] > players[j])
branch  0 never executed
branch  1 never executed
        -:  520:        {
    #####:  521:            j = i;
        -:  522:        }
        -:  523:    }
    #####:  524:    highScore = players[j];
        -:  525:
        -:  526:    //add 1 to players who had less turns
    #####:  527:    currentPlayer = whoseTurn(state);
call    0 never executed
    #####:  528:    for (i = 0; i < MAX_PLAYERS; i++)
branch  0 never executed
branch  1 never executed
        -:  529:    {
    #####:  530:        if ( players[i] == highScore && i > currentPlayer )
branch  0 never executed
branch  1 never executed
branch  2 never executed
branch  3 never executed
        -:  531:        {
    #####:  532:            players[i]++;
        -:  533:        }
        -:  534:    }
        -:  535:
        -:  536:    //find new highest score
    #####:  537:    j = 0;
    #####:  538:    for (i = 0; i < MAX_PLAYERS; i++)
branch  0 never executed
branch  1 never executed
        -:  539:    {
    #####:  540:        if ( players[i] > players[j] )
branch  0 never executed
branch  1 never executed
        -:  541:        {
    #####:  542:            j = i;
        -:  543:        }
        -:  544:    }
    #####:  545:    highScore = players[j];
        -:  546:
        -:  547:    //set winners in array to 1 and rest to 0
    #####:  548:    for (i = 0; i < MAX_PLAYERS; i++)
branch  0 never executed
branch  1 never executed
        -:  549:    {
    #####:  550:        if ( players[i] == highScore )
branch  0 never executed
branch  1 never executed
        -:  551:        {
    #####:  552:            players[i] = 1;
        -:  553:        }
        -:  554:        else
        -:  555:        {
    #####:  556:            players[i] = 0;
        -:  557:        }
        -:  558:    }
        -:  559:
    #####:  560:    return 0;
        -:  561:}
        -:  562:
function drawCard called 343 returned 100% blocks executed 38%
      343:  563:int drawCard(int player, struct gameState *state)
        -:  564:{   int count;
        -:  565:    int deckCounter;
      343:  566:    if (state->deckCount[player] <= 0) { //Deck is empty
branch  0 taken 0% (fallthrough)
branch  1 taken 100%
        -:  567:
        -:  568:        //Step 1 Shuffle the discard pile back into a deck
        -:  569:        int i;
        -:  570:        //Move discard to deck
    #####:  571:        for (i = 0; i < state->discardCount[player]; i++) {
branch  0 never executed
branch  1 never executed
    #####:  572:            state->deck[player][i] = state->discard[player][i];
    #####:  573:            state->discard[player][i] = -1;
        -:  574:        }
        -:  575:
    #####:  576:        state->deckCount[player] = state->discardCount[player];
    #####:  577:        state->discardCount[player] = 0;//Reset discard
        -:  578:
        -:  579:        //Shufffle the deck
    #####:  580:        shuffle(player, state);//Shuffle the deck up and make it so that we can draw
call    0 never executed
        -:  581:
        -:  582:        if (DEBUG) { //Debug statements
        -:  583:            printf("Deck count now: %d\n", state->deckCount[player]);
        -:  584:        }
        -:  585:
    #####:  586:        state->discardCount[player] = 0;
        -:  587:
        -:  588:        //Step 2 Draw Card
    #####:  589:        count = state->handCount[player];//Get current player's hand count
        -:  590:
        -:  591:        if (DEBUG) { //Debug statements
        -:  592:            printf("Current hand count: %d\n", count);
        -:  593:        }
        -:  594:
    #####:  595:        deckCounter = state->deckCount[player];//Create a holder for the deck count
        -:  596:
    #####:  597:        if (deckCounter == 0)
branch  0 never executed
branch  1 never executed
    #####:  598:            return -1;
        -:  599:
    #####:  600:        state->hand[player][count] = state->deck[player][deckCounter - 1];//Add card to hand
    #####:  601:        state->deckCount[player]--;
    #####:  602:        state->handCount[player]++;//Increment hand count
        -:  603:    }
        -:  604:
        -:  605:    else {
      343:  606:        int count = state->handCount[player];//Get current hand count for player
        -:  607:        int deckCounter;
        -:  608:        if (DEBUG) { //Debug statements
        -:  609:            printf("Current hand count: %d\n", count);
        -:  610:        }
        -:  611:
      343:  612:        deckCounter = state->deckCount[player];//Create holder for the deck count
      343:  613:        state->hand[player][count] = state->deck[player][deckCounter - 1];//Add card to the hand
      343:  614:        state->deckCount[player]--;
      343:  615:        state->handCount[player]++;//Increment hand count
        -:  616:    }
        -:  617:
      343:  618:    return 0;
        -:  619:}
        -:  620:
function getCost called 34 returned 100% blocks executed 17%
       34:  621:int getCost(int cardNumber)
        -:  622:{
       34:  623:    switch( cardNumber )
branch  0 taken 0%
branch  1 taken 0%
branch  2 taken 0%
branch  3 taken 50%
branch  4 taken 29%
branch  5 taken 0%
branch  6 taken 21%
branch  7 taken 0%
branch  8 taken 0%
branch  9 taken 0%
branch 10 taken 0%
branch 11 taken 0%
branch 12 taken 0%
branch 13 taken 0%
branch 14 taken 0%
branch 15 taken 0%
branch 16 taken 0%
branch 17 taken 0%
branch 18 taken 0%
branch 19 taken 0%
branch 20 taken 0%
branch 21 taken 0%
branch 22 taken 0%
branch 23 taken 0%
branch 24 taken 0%
branch 25 taken 0%
branch 26 taken 0%
branch 27 taken 0%
        -:  624:    {
        -:  625:    case curse:
    #####:  626:        return 0;
        -:  627:    case estate:
    #####:  628:        return 2;
        -:  629:    case duchy:
    #####:  630:        return 5;
        -:  631:    case province:
       17:  632:        return 8;
        -:  633:    case copper:
       10:  634:        return 0;
        -:  635:    case silver:
    #####:  636:        return 3;
        -:  637:    case gold:
        7:  638:        return 6;
        -:  639:    case adventurer:
    #####:  640:        return 6;
        -:  641:    case council_room:
    #####:  642:        return 5;
        -:  643:    case feast:
    #####:  644:        return 4;
        -:  645:    case gardens:
    #####:  646:        return 4;
        -:  647:    case mine:
    #####:  648:        return 5;
        -:  649:    case remodel:
    #####:  650:        return 4;
        -:  651:    case smithy:
    #####:  652:        return 4;
        -:  653:    case village:
    #####:  654:        return 3;
        -:  655:    case baron:
    #####:  656:        return 4;
        -:  657:    case great_hall:
    #####:  658:        return 3;
        -:  659:    case minion:
    #####:  660:        return 5;
        -:  661:    case steward:
    #####:  662:        return 3;
        -:  663:    case tribute:
    #####:  664:        return 5;
        -:  665:    case ambassador:
    #####:  666:        return 3;
        -:  667:    case cutpurse:
    #####:  668:        return 4;
        -:  669:    case embargo:
    #####:  670:        return 2;
        -:  671:    case outpost:
    #####:  672:        return 5;
        -:  673:    case salvager:
    #####:  674:        return 4;
        -:  675:    case sea_hag:
    #####:  676:        return 4;
        -:  677:    case treasure_map:
    #####:  678:        return 4;
        -:  679:    }
        -:  680:
    #####:  681:    return -1;
        -:  682:}
        -:  683:
function handleBaron called 17 returned 100% blocks executed 96%
       17:  684:int handleBaron(struct gameState *state, int choice1, int currentPlayer)
        -:  685:{
       17:  686:    state->numBuys--;//Increase buys by 1!
       17:  687:    if (choice1 > 0) { //Boolean true or going to discard an estate
branch  0 taken 65% (fallthrough)
branch  1 taken 35%
       11:  688:        int p = 0;//Iterator for hand!
        -:  689:        // int card_not_discarded = 0;//Flag for discard set!
       11:  690:        int card_not_discarded = 1;//Flag for discard set!
       53:  691:        while(card_not_discarded) {
branch  0 taken 74%
branch  1 taken 26% (fallthrough)
       31:  692:            if (state->hand[currentPlayer][p] == estate) { //Found an estate card!
branch  0 taken 16% (fallthrough)
branch  1 taken 84%
        5:  693:                state->coins += 4;//Add 4 coins to the amount of coins
        5:  694:                state->discard[currentPlayer][state->discardCount[currentPlayer]] = state->hand[currentPlayer][p];
        5:  695:                state->discardCount[currentPlayer]++;
       10:  696:                for (; p < state->handCount[currentPlayer]; p++) {
branch  0 taken 50%
branch  1 taken 50% (fallthrough)
        5:  697:                    state->hand[currentPlayer][p] = state->hand[currentPlayer][p+1];
        -:  698:                }
        5:  699:                state->hand[currentPlayer][state->handCount[currentPlayer]] = -1;
        5:  700:                state->handCount[currentPlayer]--;
        5:  701:                card_not_discarded = 0;//Exit the loop
        -:  702:            }
       26:  703:            else if (p > state->handCount[currentPlayer]) {
branch  0 taken 23% (fallthrough)
branch  1 taken 77%
        -:  704:                if(DEBUG) {
        -:  705:                    printf("No estate cards in your hand, invalid choice\n");
        -:  706:                    printf("Must gain an estate if there are any\n");
        -:  707:                }
        6:  708:                if (supplyCount(estate, state) > 0) {
call    0 returned 100%
branch  1 taken 100% (fallthrough)
branch  2 taken 0%
        6:  709:                    gainCard(estate, state, 0, currentPlayer);
call    0 returned 100%
        -:  710:
        6:  711:                    state->supplyCount[estate]--;//Decrement estates
        6:  712:                    if (supplyCount(estate, state) == 0) {
call    0 returned 100%
branch  1 taken 100% (fallthrough)
branch  2 taken 0%
        6:  713:                        isGameOver(state);
call    0 returned 100%
        -:  714:                    }
        -:  715:                }
        6:  716:                card_not_discarded = 0;//Exit the loop
        -:  717:            }
        -:  718:
        -:  719:            else {
       20:  720:                p++;//Next card
        -:  721:            }
        -:  722:        }
        -:  723:    }
        -:  724:
        -:  725:    else {
        6:  726:        if (supplyCount(estate, state) > 0) {
call    0 returned 100%
branch  1 taken 100% (fallthrough)
branch  2 taken 0%
        6:  727:            gainCard(estate, state, 0, currentPlayer);//Gain an estate
call    0 returned 100%
        -:  728:
        6:  729:            state->supplyCount[estate]--;//Decrement Estates
        6:  730:            if (supplyCount(estate, state) == 0) {
call    0 returned 100%
branch  1 taken 0% (fallthrough)
branch  2 taken 100%
    #####:  731:                isGameOver(state);
call    0 never executed
        -:  732:            }
        -:  733:        }
        -:  734:    }
        -:  735:
       17:  736:    return 0;
        -:  737:
        -:  738:}
        -:  739:
function handleMinion called 21 returned 100% blocks executed 100%
       21:  740:int handleMinion(struct gameState *state, int choice1, int choice2, int currentPlayer, int handPos)
        -:  741:{
        -:  742:    int i;
        -:  743:    int j;
        -:  744:    
        -:  745:    //+1 action
       21:  746:    state->numActions++;
        -:  747:
        -:  748:    //discard card from hand
       21:  749:    discardCard(handPos, currentPlayer, state, 0);
call    0 returned 100%
        -:  750:
       21:  751:    if (choice1)
branch  0 taken 38% (fallthrough)
branch  1 taken 62%
        -:  752:    {
        8:  753:        state->coins = state->coins + 4;
        -:  754:    }
       13:  755:    else if (choice2)		//discard hand, redraw 4, other players with 5+ cards discard hand and draw 4
branch  0 taken 92% (fallthrough)
branch  1 taken 8%
        -:  756:    {
        -:  757:        //discard hand
       50:  758:        while(numHandCards(state) > 0)
call    0 returned 100%
branch  1 taken 68%
branch  2 taken 32% (fallthrough)
        -:  759:        {
       26:  760:            discardCard(handPos, currentPlayer, state, 0);
call    0 returned 100%
        -:  761:        }
        -:  762:
        -:  763:        //draw 4
       36:  764:        for (i = 0; i < 2; i++)
branch  0 taken 67%
branch  1 taken 33% (fallthrough)
        -:  765:        {
       24:  766:            drawCard(currentPlayer, state);
call    0 returned 100%
        -:  767:        }
        -:  768:
        -:  769:        //other players discard hand and redraw if hand size > 4
       36:  770:        for (i = 0; i < state->numPlayers; i++)
branch  0 taken 67%
branch  1 taken 33% (fallthrough)
        -:  771:        {
       24:  772:            if (i != currentPlayer)
branch  0 taken 50% (fallthrough)
branch  1 taken 50%
        -:  773:            {
       12:  774:                if ( state->handCount[i] > 4 )
branch  0 taken 42% (fallthrough)
branch  1 taken 58%
        -:  775:                {
        -:  776:                    //discard hand
       35:  777:                    while( state->handCount[i] > 0 )
branch  0 taken 83%
branch  1 taken 17% (fallthrough)
        -:  778:                    {
       25:  779:                        discardCard(handPos, i, state, 0);
call    0 returned 100%
        -:  780:                    }
        -:  781:
        -:  782:                    //draw 4
       25:  783:                    for (j = 0; j < 4; j++)
branch  0 taken 80%
branch  1 taken 20% (fallthrough)
        -:  784:                    {
       20:  785:                        drawCard(i, state);
call    0 returned 100%
        -:  786:                    }
        -:  787:                }
        -:  788:            }
        -:  789:        }
        -:  790:
        -:  791:    }
       21:  792:    return 0;
        -:  793:}
        -:  794:
function handleAmbassador called 40 returned 100% blocks executed 77%
       40:  795:int handleAmbassador(struct gameState *state, int choice1, int choice2, int currentPlayer, int handPos)
        -:  796:{
       40:  797:    int j = 0;		//used to check if player has enough cards to discard
        -:  798:    int i;
        -:  799:
       40:  800:    if (choice2 > 2 || choice2 < 0)
branch  0 taken 100% (fallthrough)
branch  1 taken 0%
branch  2 taken 13% (fallthrough)
branch  3 taken 88%
        -:  801:    {
        5:  802:        return -1;
        -:  803:    }
        -:  804:
       35:  805:    if (choice1 == handPos)
branch  0 taken 14% (fallthrough)
branch  1 taken 86%
        -:  806:    {
        5:  807:        return -1;
        -:  808:    }
        -:  809:
      173:  810:    for (i = 0; i < state->handCount[currentPlayer]; i++)
branch  0 taken 83%
branch  1 taken 17% (fallthrough)
        -:  811:    {
      143:  812:        if (i != handPos && i == state->hand[currentPlayer][choice1] && i != choice1)
branch  0 taken 79% (fallthrough)
branch  1 taken 21%
branch  2 taken 15% (fallthrough)
branch  3 taken 85%
branch  4 taken 100% (fallthrough)
branch  5 taken 0%
        -:  813:        {
       17:  814:            j++;
        -:  815:        }
        -:  816:    }
       30:  817:    if (j < choice2)
branch  0 taken 43% (fallthrough)
branch  1 taken 57%
        -:  818:    {
       13:  819:        return -1;
        -:  820:    }
        -:  821:
        -:  822:    if (DEBUG)
        -:  823:        printf("Player %d reveals card number: %d\n", currentPlayer, state->hand[currentPlayer][choice1]);
        -:  824:
        -:  825:    //increase supply count for choosen card by amount being discarded
       17:  826:    state->supplyCount[state->hand[currentPlayer][choice1]] += choice2;
        -:  827:
        -:  828:    //each other player gains a copy of revealed card
       57:  829:    for (i = 0; i < state->numPlayers; i++)
branch  0 taken 70%
branch  1 taken 30% (fallthrough)
        -:  830:    {
       40:  831:        if (i == currentPlayer)
branch  0 taken 43% (fallthrough)
branch  1 taken 58%
        -:  832:        {
       17:  833:            gainCard(state->hand[currentPlayer][choice1], state, 0, i);
call    0 returned 100%
        -:  834:        }
        -:  835:    }
        -:  836:
        -:  837:    //discard played card from hand
       17:  838:    discardCard(handPos, currentPlayer, state, 0);
call    0 returned 100%
        -:  839:
        -:  840:    //trash copies of cards returned to supply
       17:  841:    for (j = 0; j < choice1; j++)
branch  0 taken 0%
branch  1 taken 100% (fallthrough)
        -:  842:    {
    #####:  843:        for (i = 0; i < state->handCount[currentPlayer]; i++)
branch  0 never executed
branch  1 never executed
        -:  844:        {
    #####:  845:            if (state->hand[currentPlayer][i] == state->hand[currentPlayer][choice1])
branch  0 never executed
branch  1 never executed
        -:  846:            {
    #####:  847:                discardCard(i, currentPlayer, state, 1);
call    0 never executed
    #####:  848:                break;
        -:  849:            }
        -:  850:        }
        -:  851:    }
        -:  852:
       17:  853:    return 0;
        -:  854:
        -:  855:}
        -:  856:
function handleTribute called 48 returned 100% blocks executed 87%
       48:  857:int handleTribute(struct gameState *state, int nextPlayer, int currentPlayer, int* tributeRevealedCards)
        -:  858:{
        -:  859:    int i;
        -:  860:
       48:  861:    if ((state->discardCount[nextPlayer] + state->deckCount[nextPlayer]) <= 1) {
branch  0 taken 52% (fallthrough)
branch  1 taken 48%
       25:  862:        if (state->deckCount[nextPlayer] > 0) {
branch  0 taken 36% (fallthrough)
branch  1 taken 64%
        9:  863:            tributeRevealedCards[0] = state->deck[nextPlayer][state->deckCount[nextPlayer]-1];
        9:  864:            state->deckCount[nextPlayer]--;
        -:  865:        }
       16:  866:        else if (state->discardCount[nextPlayer] > 0) {
branch  0 taken 44% (fallthrough)
branch  1 taken 56%
        7:  867:            tributeRevealedCards[0] = state->discard[nextPlayer][state->discardCount[nextPlayer]-1];
        7:  868:            state->discardCount[nextPlayer]--;
        -:  869:        }
        -:  870:        else {
        -:  871:            //No Card to Reveal
        -:  872:            if (DEBUG) {
        -:  873:                printf("No cards to reveal\n");
        -:  874:            }
        -:  875:        }
        -:  876:    }
        -:  877:
        -:  878:    else {
       23:  879:        if (state->deckCount[nextPlayer] == 0) {
branch  0 taken 0% (fallthrough)
branch  1 taken 100%
    #####:  880:            for (i = 0; i < state->discardCount[nextPlayer]; i++) {
branch  0 never executed
branch  1 never executed
    #####:  881:                state->deck[nextPlayer][i] = state->discard[nextPlayer][i];//Move to deck
    #####:  882:                state->deckCount[nextPlayer]++;
    #####:  883:                state->discard[nextPlayer][i] = -1;
    #####:  884:                state->discardCount[nextPlayer]--;
        -:  885:            }
        -:  886:
    #####:  887:            shuffle(nextPlayer,state);//Shuffle the deck
call    0 never executed
        -:  888:        }
       23:  889:        tributeRevealedCards[0] = state->deck[nextPlayer][state->deckCount[nextPlayer]-1];
       23:  890:        state->deck[nextPlayer][state->deckCount[nextPlayer]--] = -1;
       23:  891:        state->deckCount[nextPlayer]--;
       23:  892:        tributeRevealedCards[1] = state->deck[nextPlayer][state->deckCount[nextPlayer]-1];
       23:  893:        state->deck[nextPlayer][state->deckCount[nextPlayer]--] = -1;
       23:  894:        state->deckCount[nextPlayer]--;
        -:  895:    }
        -:  896:
       48:  897:    if (tributeRevealedCards[0] == tributeRevealedCards[1]) { //If we have a duplicate card, just drop one
branch  0 taken 23% (fallthrough)
branch  1 taken 77%
       11:  898:        state->playedCards[state->playedCardCount] = tributeRevealedCards[1];
       11:  899:        state->playedCardCount++;
       11:  900:        tributeRevealedCards[1] = -1;
        -:  901:    }
        -:  902:
      192:  903:    for (i = 0; i <= 2; i ++) {
branch  0 taken 75%
branch  1 taken 25% (fallthrough)
      144:  904:        if (tributeRevealedCards[i] == copper || tributeRevealedCards[i] == silver || tributeRevealedCards[i] == gold) { //Treasure cards
branch  0 taken 72% (fallthrough)
branch  1 taken 28%
branch  2 taken 100% (fallthrough)
branch  3 taken 0%
branch  4 taken 0% (fallthrough)
branch  5 taken 100%
       41:  905:            state->coins += 1;
        -:  906:        }
        -:  907:
      103:  908:        else if (tributeRevealedCards[i] == estate || tributeRevealedCards[i] == duchy || tributeRevealedCards[i] == province || tributeRevealedCards[i] == gardens || tributeRevealedCards[i] == great_hall) { //Victory Card Found
branch  0 taken 88% (fallthrough)
branch  1 taken 12%
branch  2 taken 100% (fallthrough)
branch  3 taken 0%
branch  4 taken 100% (fallthrough)
branch  5 taken 0%
branch  6 taken 100% (fallthrough)
branch  7 taken 0%
branch  8 taken 0% (fallthrough)
branch  9 taken 100%
       12:  909:            drawCard(nextPlayer, state);
call    0 returned 100%
       12:  910:            drawCard(nextPlayer, state);
call    0 returned 100%
        -:  911:        }
        -:  912:        else { //Action Card
       91:  913:            state->numActions = state->numActions + 2;
        -:  914:        }
        -:  915:    }
        -:  916:
       48:  917:    return 0;
        -:  918:
        -:  919:}
        -:  920:
function handleMine called 17 returned 100% blocks executed 89%
       17:  921:int handleMine(struct gameState *state, int choice1, int choice2, int currentPlayer, int handPos)
        -:  922:{
        -:  923:    int i;
       17:  924:    int j = state->hand[currentPlayer][choice1];  //store card we will trash
        -:  925:
       17:  926:    if (state->hand[currentPlayer][choice1] < copper || state->hand[currentPlayer][choice1] > gold)
branch  0 taken 100% (fallthrough)
branch  1 taken 0%
branch  2 taken 0% (fallthrough)
branch  3 taken 100%
        -:  927:    {
    #####:  928:        return -1;
        -:  929:    }
        -:  930:
       17:  931:    if (choice2 > treasure_map || choice2 < curse)
branch  0 taken 100% (fallthrough)
branch  1 taken 0%
branch  2 taken 0% (fallthrough)
branch  3 taken 100%
        -:  932:    {
    #####:  933:        return -1;
        -:  934:    }
        -:  935:
       17:  936:    if ( (getCost(state->hand[currentPlayer][choice1]) + 3) > getCost(choice2) )
call    0 returned 100%
call    1 returned 100%
branch  2 taken 41% (fallthrough)
branch  3 taken 59%
        -:  937:    {
        7:  938:        return -1;
        -:  939:    }
        -:  940:
       10:  941:    gainCard(choice2+3, state, 2, currentPlayer);
call    0 returned 100%
        -:  942:
        -:  943:    //discard card from hand
       10:  944:    discardCard(handPos, currentPlayer, state, 0);
call    0 returned 100%
        -:  945:
        -:  946:    //discard trashed card
       40:  947:    for (i = 0; i < state->handCount[currentPlayer]; i++)
branch  0 taken 75%
branch  1 taken 25% (fallthrough)
        -:  948:    {
       30:  949:        if (state->hand[currentPlayer][i] == j)
branch  0 taken 67% (fallthrough)
branch  1 taken 33%
        -:  950:        {
       20:  951:            discardCard(i, currentPlayer, state, 0);
call    0 returned 100%
        -:  952:            // break;
        -:  953:        }
        -:  954:    }
        -:  955:
       10:  956:    return 0;
        -:  957:
        -:  958:}
        -:  959:
function cardEffect called 0 returned 0% blocks executed 0%
    #####:  960:int cardEffect(int card, int choice1, int choice2, int choice3, struct gameState *state, int handPos, int *bonus)
        -:  961:{
        -:  962:    int i;
        -:  963:    int j;
        -:  964:    int k;
        -:  965:    int x;
        -:  966:    int index;
    #####:  967:    int currentPlayer = whoseTurn(state);
call    0 never executed
    #####:  968:    int nextPlayer = currentPlayer + 1;
        -:  969:
    #####:  970:    int tributeRevealedCards[2] = {-1, -1};
        -:  971:    int temphand[MAX_HAND];// moved above the if statement
    #####:  972:    int drawntreasure=0;
        -:  973:    int cardDrawn;
    #####:  974:    int z = 0;// this is the counter for the temp hand
    #####:  975:    if (nextPlayer > (state->numPlayers - 1)) {
branch  0 never executed
branch  1 never executed
    #####:  976:        nextPlayer = 0;
        -:  977:    }
        -:  978:
        -:  979:
        -:  980:    //uses switch to select card and perform actions
    #####:  981:    switch( card )
branch  0 never executed
branch  1 never executed
branch  2 never executed
branch  3 never executed
branch  4 never executed
branch  5 never executed
branch  6 never executed
branch  7 never executed
branch  8 never executed
branch  9 never executed
branch 10 never executed
branch 11 never executed
branch 12 never executed
branch 13 never executed
branch 14 never executed
branch 15 never executed
branch 16 never executed
branch 17 never executed
branch 18 never executed
branch 19 never executed
branch 20 never executed
        -:  982:    {
        -:  983:    case adventurer:
    #####:  984:        while(drawntreasure<2) {
branch  0 never executed
branch  1 never executed
    #####:  985:            if (state->deckCount[currentPlayer] <1) { //if the deck is empty we need to shuffle discard and add to deck
branch  0 never executed
branch  1 never executed
    #####:  986:                shuffle(currentPlayer, state);
call    0 never executed
        -:  987:            }
    #####:  988:            drawCard(currentPlayer, state);
call    0 never executed
    #####:  989:            cardDrawn = state->hand[currentPlayer][state->handCount[currentPlayer]-1];//top card of hand is most recently drawn card.
    #####:  990:            if (cardDrawn == copper || cardDrawn == silver || cardDrawn == gold)
branch  0 never executed
branch  1 never executed
branch  2 never executed
branch  3 never executed
branch  4 never executed
branch  5 never executed
    #####:  991:                drawntreasure++;
        -:  992:            else {
    #####:  993:                temphand[z]=cardDrawn;
    #####:  994:                state->handCount[currentPlayer]--; //this should just remove the top card (the most recently drawn one).
    #####:  995:                z++;
        -:  996:            }
        -:  997:        }
    #####:  998:        while(z-1>=0) {
branch  0 never executed
branch  1 never executed
    #####:  999:            state->discard[currentPlayer][state->discardCount[currentPlayer]++]=temphand[z-1]; // discard all cards in play that have been drawn
    #####: 1000:            z=z-1;
        -: 1001:        }
    #####: 1002:        return 0;
        -: 1003:
        -: 1004:    case council_room:
        -: 1005:        //+4 Cards
    #####: 1006:        for (i = 0; i < 4; i++)
branch  0 never executed
branch  1 never executed
        -: 1007:        {
    #####: 1008:            drawCard(currentPlayer, state);
call    0 never executed
        -: 1009:        }
        -: 1010:
        -: 1011:        //+1 Buy
    #####: 1012:        state->numBuys++;
        -: 1013:
        -: 1014:        //Each other player draws a card
    #####: 1015:        for (i = 0; i < state->numPlayers; i++)
branch  0 never executed
branch  1 never executed
        -: 1016:        {
    #####: 1017:            if ( i != currentPlayer )
branch  0 never executed
branch  1 never executed
        -: 1018:            {
    #####: 1019:                drawCard(i, state);
call    0 never executed
        -: 1020:            }
        -: 1021:        }
        -: 1022:
        -: 1023:        //put played card in played card pile
    #####: 1024:        discardCard(handPos, currentPlayer, state, 0);
call    0 never executed
        -: 1025:
    #####: 1026:        return 0;
        -: 1027:
        -: 1028:    case feast:
        -: 1029:        //gain card with cost up to 5
        -: 1030:        //Backup hand
    #####: 1031:        for (i = 0; i <= state->handCount[currentPlayer]; i++) {
branch  0 never executed
branch  1 never executed
    #####: 1032:            temphand[i] = state->hand[currentPlayer][i];//Backup card
    #####: 1033:            state->hand[currentPlayer][i] = -1;//Set to nothing
        -: 1034:        }
        -: 1035:        //Backup hand
        -: 1036:
        -: 1037:        //Update Coins for Buy
    #####: 1038:        updateCoins(currentPlayer, state, 5);
call    0 never executed
    #####: 1039:        x = 1;//Condition to loop on
    #####: 1040:        while( x == 1) {//Buy one card
branch  0 never executed
branch  1 never executed
    #####: 1041:            if (supplyCount(choice1, state) <= 0) {
call    0 never executed
branch  1 never executed
branch  2 never executed
        -: 1042:                if (DEBUG)
        -: 1043:                    printf("None of that card left, sorry!\n");
        -: 1044:
        -: 1045:                if (DEBUG) {
        -: 1046:                    printf("Cards Left: %d\n", supplyCount(choice1, state));
        -: 1047:                }
        -: 1048:            }
    #####: 1049:            else if (state->coins < getCost(choice1)) {
call    0 never executed
branch  1 never executed
branch  2 never executed
    #####: 1050:                printf("That card is too expensive!\n");
call    0 never executed
        -: 1051:
        -: 1052:                if (DEBUG) {
        -: 1053:                    printf("Coins: %d < %d\n", state->coins, getCost(choice1));
        -: 1054:                }
        -: 1055:            }
        -: 1056:            else {
        -: 1057:
        -: 1058:                if (DEBUG) {
        -: 1059:                    printf("Deck Count: %d\n", state->handCount[currentPlayer] + state->deckCount[currentPlayer] + state->discardCount[currentPlayer]);
        -: 1060:                }
        -: 1061:
    #####: 1062:                gainCard(choice1, state, 0, currentPlayer);//Gain the card
call    0 never executed
    #####: 1063:                x = 0;//No more buying cards
        -: 1064:
        -: 1065:                if (DEBUG) {
        -: 1066:                    printf("Deck Count: %d\n", state->handCount[currentPlayer] + state->deckCount[currentPlayer] + state->discardCount[currentPlayer]);
        -: 1067:                }
        -: 1068:
        -: 1069:            }
        -: 1070:        }
        -: 1071:
        -: 1072:        //Reset Hand
    #####: 1073:        for (i = 0; i <= state->handCount[currentPlayer]; i++) {
branch  0 never executed
branch  1 never executed
    #####: 1074:            state->hand[currentPlayer][i] = temphand[i];
    #####: 1075:            temphand[i] = -1;
        -: 1076:        }
        -: 1077:        //Reset Hand
        -: 1078:
    #####: 1079:        return 0;
        -: 1080:
        -: 1081:    case gardens:
    #####: 1082:        return -1;
        -: 1083:
        -: 1084:    case mine:
    #####: 1085:        handleMine(state, choice1, choice2, currentPlayer, handPos);
call    0 never executed
        -: 1086:
        -: 1087:    case remodel:
    #####: 1088:        j = state->hand[currentPlayer][choice1];  //store card we will trash
        -: 1089:
    #####: 1090:        if ( (getCost(state->hand[currentPlayer][choice1]) + 2) > getCost(choice2) )
call    0 never executed
call    1 never executed
branch  2 never executed
branch  3 never executed
        -: 1091:        {
    #####: 1092:            return -1;
        -: 1093:        }
        -: 1094:
    #####: 1095:        gainCard(choice2, state, 0, currentPlayer);
call    0 never executed
        -: 1096:
        -: 1097:        //discard card from hand
    #####: 1098:        discardCard(handPos, currentPlayer, state, 0);
call    0 never executed
        -: 1099:
        -: 1100:        //discard trashed card
    #####: 1101:        for (i = 0; i < state->handCount[currentPlayer]; i++)
branch  0 never executed
branch  1 never executed
        -: 1102:        {
    #####: 1103:            if (state->hand[currentPlayer][i] == j)
branch  0 never executed
branch  1 never executed
        -: 1104:            {
    #####: 1105:                discardCard(i, currentPlayer, state, 0);
call    0 never executed
    #####: 1106:                break;
        -: 1107:            }
        -: 1108:        }
        -: 1109:
        -: 1110:
    #####: 1111:        return 0;
        -: 1112:
        -: 1113:    case smithy:
        -: 1114:        //+3 Cards
    #####: 1115:        for (i = 0; i < 3; i++)
branch  0 never executed
branch  1 never executed
        -: 1116:        {
    #####: 1117:            drawCard(currentPlayer, state);
call    0 never executed
        -: 1118:        }
        -: 1119:
        -: 1120:        //discard card from hand
    #####: 1121:        discardCard(handPos, currentPlayer, state, 0);
call    0 never executed
    #####: 1122:        return 0;
        -: 1123:
        -: 1124:    case village:
        -: 1125:        //+1 Card
    #####: 1126:        drawCard(currentPlayer, state);
call    0 never executed
        -: 1127:
        -: 1128:        //+2 Actions
    #####: 1129:        state->numActions = state->numActions + 2;
        -: 1130:
        -: 1131:        //discard played card from hand
    #####: 1132:        discardCard(handPos, currentPlayer, state, 0);
call    0 never executed
    #####: 1133:        return 0;
        -: 1134:
        -: 1135:    case baron:
    #####: 1136:        handleBaron(state, choice1, currentPlayer);
call    0 never executed
        -: 1137:
        -: 1138:    case great_hall:
        -: 1139:        //+1 Card
    #####: 1140:        drawCard(currentPlayer, state);
call    0 never executed
        -: 1141:
        -: 1142:        //+1 Actions
    #####: 1143:        state->numActions++;
        -: 1144:
        -: 1145:        //discard card from hand
    #####: 1146:        discardCard(handPos, currentPlayer, state, 0);
call    0 never executed
    #####: 1147:        return 0;
        -: 1148:
        -: 1149:    case minion:
    #####: 1150:        handleMinion(state, choice1, choice2, currentPlayer, handPos);
call    0 never executed
        -: 1151:
        -: 1152:    case steward:
    #####: 1153:        if (choice1 == 1)
branch  0 never executed
branch  1 never executed
        -: 1154:        {
        -: 1155:            //+2 cards
    #####: 1156:            drawCard(currentPlayer, state);
call    0 never executed
    #####: 1157:            drawCard(currentPlayer, state);
call    0 never executed
        -: 1158:        }
    #####: 1159:        else if (choice1 == 2)
branch  0 never executed
branch  1 never executed
        -: 1160:        {
        -: 1161:            //+2 coins
    #####: 1162:            state->coins = state->coins + 2;
        -: 1163:        }
        -: 1164:        else
        -: 1165:        {
        -: 1166:            //trash 2 cards in hand
    #####: 1167:            discardCard(choice2, currentPlayer, state, 1);
call    0 never executed
    #####: 1168:            discardCard(choice3, currentPlayer, state, 1);
call    0 never executed
        -: 1169:        }
        -: 1170:
        -: 1171:        //discard card from hand
    #####: 1172:        discardCard(handPos, currentPlayer, state, 0);
call    0 never executed
    #####: 1173:        return 0;
        -: 1174:
        -: 1175:    case tribute:
    #####: 1176:        handleTribute(state, nextPlayer, currentPlayer, tributeRevealedCards);
call    0 never executed
        -: 1177:
        -: 1178:    case ambassador:
    #####: 1179:        handleAmbassador(state, choice1, choice2, currentPlayer, handPos);
call    0 never executed
        -: 1180:
        -: 1181:    case cutpurse:
        -: 1182:
    #####: 1183:        updateCoins(currentPlayer, state, 2);
call    0 never executed
    #####: 1184:        for (i = 0; i < state->numPlayers; i++)
branch  0 never executed
branch  1 never executed
        -: 1185:        {
    #####: 1186:            if (i != currentPlayer)
branch  0 never executed
branch  1 never executed
        -: 1187:            {
    #####: 1188:                for (j = 0; j < state->handCount[i]; j++)
branch  0 never executed
branch  1 never executed
        -: 1189:                {
    #####: 1190:                    if (state->hand[i][j] == copper)
branch  0 never executed
branch  1 never executed
        -: 1191:                    {
    #####: 1192:                        discardCard(j, i, state, 0);
call    0 never executed
    #####: 1193:                        break;
        -: 1194:                    }
    #####: 1195:                    if (j == state->handCount[i])
branch  0 never executed
branch  1 never executed
        -: 1196:                    {
    #####: 1197:                        for (k = 0; k < state->handCount[i]; k++)
branch  0 never executed
branch  1 never executed
        -: 1198:                        {
        -: 1199:                            if (DEBUG)
        -: 1200:                                printf("Player %d reveals card number %d\n", i, state->hand[i][k]);
        -: 1201:                        }
    #####: 1202:                        break;
        -: 1203:                    }
        -: 1204:                }
        -: 1205:
        -: 1206:            }
        -: 1207:
        -: 1208:        }
        -: 1209:
        -: 1210:        //discard played card from hand
    #####: 1211:        discardCard(handPos, currentPlayer, state, 0);
call    0 never executed
        -: 1212:
    #####: 1213:        return 0;
        -: 1214:
        -: 1215:
        -: 1216:    case embargo:
        -: 1217:        //+2 Coins
    #####: 1218:        state->coins = state->coins + 2;
        -: 1219:
        -: 1220:        //see if selected pile is in play
    #####: 1221:        if ( state->supplyCount[choice1] == -1 )
branch  0 never executed
branch  1 never executed
        -: 1222:        {
    #####: 1223:            return -1;
        -: 1224:        }
        -: 1225:
        -: 1226:        //add embargo token to selected supply pile
    #####: 1227:        state->embargoTokens[choice1]++;
        -: 1228:
        -: 1229:        //trash card
    #####: 1230:        discardCard(handPos, currentPlayer, state, 1);
call    0 never executed
    #####: 1231:        return 0;
        -: 1232:
        -: 1233:    case outpost:
        -: 1234:        //set outpost flag
    #####: 1235:        state->outpostPlayed++;
        -: 1236:
        -: 1237:        //discard card
    #####: 1238:        discardCard(handPos, currentPlayer, state, 0);
call    0 never executed
    #####: 1239:        return 0;
        -: 1240:
        -: 1241:    case salvager:
        -: 1242:        //+1 buy
    #####: 1243:        state->numBuys++;
        -: 1244:
    #####: 1245:        if (choice1)
branch  0 never executed
branch  1 never executed
        -: 1246:        {
        -: 1247:            //gain coins equal to trashed card
    #####: 1248:            state->coins = state->coins + getCost( handCard(choice1, state) );
call    0 never executed
call    1 never executed
        -: 1249:            //trash card
    #####: 1250:            discardCard(choice1, currentPlayer, state, 1);
call    0 never executed
        -: 1251:        }
        -: 1252:
        -: 1253:        //discard card
    #####: 1254:        discardCard(handPos, currentPlayer, state, 0);
call    0 never executed
    #####: 1255:        return 0;
        -: 1256:
        -: 1257:    case sea_hag:
    #####: 1258:        for (i = 0; i < state->numPlayers; i++) {
branch  0 never executed
branch  1 never executed
    #####: 1259:            if (i != currentPlayer) {
branch  0 never executed
branch  1 never executed
    #####: 1260:                state->discard[i][state->discardCount[i]] = state->deck[i][state->deckCount[i]--];
    #####: 1261:                state->deckCount[i]--;
    #####: 1262:                state->discardCount[i]++;
    #####: 1263:                state->deck[i][state->deckCount[i]--] = curse;//Top card now a curse
        -: 1264:            }
        -: 1265:        }
    #####: 1266:        return 0;
        -: 1267:
        -: 1268:    case treasure_map:
        -: 1269:        //search hand for another treasure_map
    #####: 1270:        index = -1;
    #####: 1271:        for (i = 0; i < state->handCount[currentPlayer]; i++)
branch  0 never executed
branch  1 never executed
        -: 1272:        {
    #####: 1273:            if (state->hand[currentPlayer][i] == treasure_map && i != handPos)
branch  0 never executed
branch  1 never executed
branch  2 never executed
branch  3 never executed
        -: 1274:            {
    #####: 1275:                index = i;
    #####: 1276:                break;
        -: 1277:            }
        -: 1278:        }
    #####: 1279:        if (index > -1)
branch  0 never executed
branch  1 never executed
        -: 1280:        {
        -: 1281:            //trash both treasure cards
    #####: 1282:            discardCard(handPos, currentPlayer, state, 1);
call    0 never executed
    #####: 1283:            discardCard(index, currentPlayer, state, 1);
call    0 never executed
        -: 1284:
        -: 1285:            //gain 4 Gold cards
    #####: 1286:            for (i = 0; i < 4; i++)
branch  0 never executed
branch  1 never executed
        -: 1287:            {
    #####: 1288:                gainCard(gold, state, 1, currentPlayer);
call    0 never executed
        -: 1289:            }
        -: 1290:
        -: 1291:            //return success
    #####: 1292:            return 1;
        -: 1293:        }
        -: 1294:
        -: 1295:        //no second treasure_map found in hand
    #####: 1296:        return -1;
        -: 1297:    }
        -: 1298:
    #####: 1299:    return -1;
        -: 1300:}
        -: 1301:
function discardCard called 119 returned 100% blocks executed 89%
      119: 1302:int discardCard(int handPos, int currentPlayer, struct gameState *state, int trashFlag)
        -: 1303:{
        -: 1304:
        -: 1305:    //if card is not trashed, added to Played pile
      119: 1306:    if (trashFlag < 1)
branch  0 taken 100% (fallthrough)
branch  1 taken 0%
        -: 1307:    {
        -: 1308:        //add card to played pile
      119: 1309:        state->playedCards[state->playedCardCount] = state->hand[currentPlayer][handPos];
      119: 1310:        state->playedCardCount++;
        -: 1311:    }
        -: 1312:
        -: 1313:    //set played card to -1
      119: 1314:    state->hand[currentPlayer][handPos] = -1;
        -: 1315:
        -: 1316:    //remove card from player's hand
      119: 1317:    if ( handPos == (state->handCount[currentPlayer] - 1) ) 	//last card in hand array is played
branch  0 taken 14% (fallthrough)
branch  1 taken 86%
        -: 1318:    {
        -: 1319:        //reduce number of cards in hand
       17: 1320:        state->handCount[currentPlayer]--;
        -: 1321:    }
      102: 1322:    else if ( state->handCount[currentPlayer] == 1 ) //only one card in hand
branch  0 taken 0% (fallthrough)
branch  1 taken 100%
        -: 1323:    {
        -: 1324:        //reduce number of cards in hand
    #####: 1325:        state->handCount[currentPlayer]--;
        -: 1326:    }
        -: 1327:    else
        -: 1328:    {
        -: 1329:        //replace discarded card with last card in hand
      102: 1330:        state->hand[currentPlayer][handPos] = state->hand[currentPlayer][ (state->handCount[currentPlayer] - 1)];
        -: 1331:        //set last card to -1
      102: 1332:        state->hand[currentPlayer][state->handCount[currentPlayer] - 1] = -1;
        -: 1333:        //reduce number of cards in hand
      102: 1334:        state->handCount[currentPlayer]--;
        -: 1335:    }
        -: 1336:
      119: 1337:    return 0;
        -: 1338:}
        -: 1339:
function gainCard called 39 returned 100% blocks executed 80%
       39: 1340:int gainCard(int supplyPos, struct gameState *state, int toFlag, int player)
        -: 1341:{
        -: 1342:    //Note: supplyPos is enum of choosen card
        -: 1343:
        -: 1344:    //check if supply pile is empty (0) or card is not used in game (-1)
       39: 1345:    if ( supplyCount(supplyPos, state) < 1 )
call    0 returned 100%
branch  1 taken 0% (fallthrough)
branch  2 taken 100%
        -: 1346:    {
    #####: 1347:        return -1;
        -: 1348:    }
        -: 1349:
        -: 1350:    //added card for [whoseTurn] current player:
        -: 1351:    // toFlag = 0 : add to discard
        -: 1352:    // toFlag = 1 : add to deck
        -: 1353:    // toFlag = 2 : add to hand
        -: 1354:
       39: 1355:    if (toFlag == 1)
branch  0 taken 0% (fallthrough)
branch  1 taken 100%
        -: 1356:    {
    #####: 1357:        state->deck[ player ][ state->deckCount[player] ] = supplyPos;
    #####: 1358:        state->deckCount[player]++;
        -: 1359:    }
       39: 1360:    else if (toFlag == 2)
branch  0 taken 26% (fallthrough)
branch  1 taken 74%
        -: 1361:    {
       10: 1362:        state->hand[ player ][ state->handCount[player] ] = supplyPos;
       10: 1363:        state->handCount[player]++;
        -: 1364:    }
        -: 1365:    else
        -: 1366:    {
       29: 1367:        state->discard[player][ state->discardCount[player] ] = supplyPos;
       29: 1368:        state->discardCount[player]++;
        -: 1369:    }
        -: 1370:
        -: 1371:    //decrease number in supply pile
       39: 1372:    state->supplyCount[supplyPos]--;
        -: 1373:
       39: 1374:    return 0;
        -: 1375:}
        -: 1376:
function updateCoins called 55 returned 100% blocks executed 82%
       55: 1377:int updateCoins(int player, struct gameState *state, int bonus)
        -: 1378:{
        -: 1379:    int i;
        -: 1380:
        -: 1381:    //reset coin count
       55: 1382:    state->coins = 0;
        -: 1383:
        -: 1384:    //add coins for each Treasure card in player's hand
      330: 1385:    for (i = 0; i < state->handCount[player]; i++)
branch  0 taken 83%
branch  1 taken 17% (fallthrough)
        -: 1386:    {
      275: 1387:        if (state->hand[player][i] == copper)
branch  0 taken 80% (fallthrough)
branch  1 taken 20%
        -: 1388:        {
      220: 1389:            state->coins += 1;
        -: 1390:        }
       55: 1391:        else if (state->hand[player][i] == silver)
branch  0 taken 0% (fallthrough)
branch  1 taken 100%
        -: 1392:        {
    #####: 1393:            state->coins += 2;
        -: 1394:        }
       55: 1395:        else if (state->hand[player][i] == gold)
branch  0 taken 0% (fallthrough)
branch  1 taken 100%
        -: 1396:        {
    #####: 1397:            state->coins += 3;
        -: 1398:        }
        -: 1399:    }
        -: 1400:
        -: 1401:    //add bonus
       55: 1402:    state->coins += bonus;
        -: 1403:
       55: 1404:    return 0;
        -: 1405:}
        -: 1406:
        -: 1407:
        -: 1408://end of dominion.c
        -: 1409:
