        -:    0:Source:dominion.c
        -:    0:Graph:dominion.gcno
        -:    0:Data:dominion.gcda
        -:    0:Runs:9
        -:    0:Programs:8
        -:    1:#include "dominion.h"
        -:    2:#include "dominion_helpers.h"
        -:    3:#include "rngs.h"
        -:    4:#include <stdio.h>
        -:    5:#include <math.h>
        -:    6:#include <stdlib.h>
        -:    7:
     4380:    8:int compare(const void* a, const void* b) {
     4380:    9:    if (*(int*)a > *(int*)b)
    #####:   10:        return 1;
     4380:   11:    if (*(int*)a < *(int*)b)
     1168:   12:        return -1;
     3212:   13:    return 0;
        -:   14:}
        -:   15:
    #####:   16:struct gameState* newGame() {
    #####:   17:    struct gameState* g = malloc(sizeof(struct gameState));
    #####:   18:    return g;
        -:   19:}
        -:   20:
    #####:   21:int* kingdomCards(int k1, int k2, int k3, int k4, int k5, int k6, int k7,
        -:   22:                  int k8, int k9, int k10) {
    #####:   23:    int* k = malloc(10 * sizeof(int));
    #####:   24:    k[0] = k1;
    #####:   25:    k[1] = k2;
    #####:   26:    k[2] = k3;
    #####:   27:    k[3] = k4;
    #####:   28:    k[4] = k5;
    #####:   29:    k[5] = k6;
    #####:   30:    k[6] = k7;
    #####:   31:    k[7] = k8;
    #####:   32:    k[8] = k9;
    #####:   33:    k[9] = k10;
    #####:   34:    return k;
        -:   35:}
        -:   36:
      306:   37:int initializeGame(int numPlayers, int kingdomCards[10], int randomSeed,
        -:   38:                   struct gameState *state) {
        -:   39:    int i;
        -:   40:    int j;
        -:   41:    int it;
        -:   42:
        -:   43:    //set up random number generator
      306:   44:    SelectStream(1);
      306:   45:    PutSeed((long)randomSeed);
        -:   46:
        -:   47:    //check number of players
      306:   48:    if (numPlayers > MAX_PLAYERS || numPlayers < 2)
        -:   49:    {
      205:   50:        return -1;
        -:   51:    }
        -:   52:
        -:   53:    //set number of players
      101:   54:    state->numPlayers = numPlayers;
        -:   55:
        -:   56:    //check selected kingdom cards are different
     1111:   57:    for (i = 0; i < 10; i++)
        -:   58:    {
    11110:   59:        for (j = 0; j < 10; j++)
        -:   60:        {
    10100:   61:            if (j != i && kingdomCards[j] == kingdomCards[i])
        -:   62:            {
    #####:   63:                return -1;
        -:   64:            }
        -:   65:        }
        -:   66:    }
        -:   67:
        -:   68:
        -:   69:    //initialize supply
        -:   70:    ///////////////////////////////
        -:   71:
        -:   72:    //set number of Curse cards
      101:   73:    if (numPlayers == 2)
        -:   74:    {
       38:   75:        state->supplyCount[curse] = 10;
        -:   76:    }
       63:   77:    else if (numPlayers == 3)
        -:   78:    {
       36:   79:        state->supplyCount[curse] = 20;
        -:   80:    }
        -:   81:    else
        -:   82:    {
       27:   83:        state->supplyCount[curse] = 30;
        -:   84:    }
        -:   85:
        -:   86:    //set number of Victory cards
      101:   87:    if (numPlayers == 2)
        -:   88:    {
       38:   89:        state->supplyCount[estate] = 8;
       38:   90:        state->supplyCount[duchy] = 8;
       38:   91:        state->supplyCount[province] = 8;
        -:   92:    }
        -:   93:    else
        -:   94:    {
       63:   95:        state->supplyCount[estate] = 12;
       63:   96:        state->supplyCount[duchy] = 12;
       63:   97:        state->supplyCount[province] = 12;
        -:   98:    }
        -:   99:
        -:  100:    //set number of Treasure cards
      101:  101:    state->supplyCount[copper] = 60 - (7 * numPlayers);
      101:  102:    state->supplyCount[silver] = 40;
      101:  103:    state->supplyCount[gold] = 30;
        -:  104:
        -:  105:    //set number of Kingdom cards
     2121:  106:    for (i = adventurer; i <= treasure_map; i++)       	//loop all cards
        -:  107:    {
    18132:  108:        for (j = 0; j < 10; j++)           		//loop chosen cards
        -:  109:        {
    16955:  110:            if (kingdomCards[j] == i)
        -:  111:            {
        -:  112:                //check if card is a 'Victory' Kingdom card
      843:  113:                if (kingdomCards[j] == great_hall || kingdomCards[j] == gardens)
        -:  114:                {
      332:  115:                    if (numPlayers == 2) {
       67:  116:                        state->supplyCount[i] = 8;
        -:  117:                    }
        -:  118:                    else {
       99:  119:                        state->supplyCount[i] = 12;
        -:  120:                    }
        -:  121:                }
        -:  122:                else
        -:  123:                {
      677:  124:                    state->supplyCount[i] = 10;
        -:  125:                }
      843:  126:                break;
        -:  127:            }
        -:  128:            else    //card is not in the set choosen for the game
        -:  129:            {
    16112:  130:                state->supplyCount[i] = -1;
        -:  131:            }
        -:  132:        }
        -:  133:
        -:  134:    }
        -:  135:
        -:  136:    ////////////////////////
        -:  137:    //supply intilization complete
        -:  138:
        -:  139:    //set player decks
      393:  140:    for (i = 0; i < numPlayers; i++)
        -:  141:    {
      292:  142:        state->deckCount[i] = 0;
     1168:  143:        for (j = 0; j < 3; j++)
        -:  144:        {
      876:  145:            state->deck[i][j] = estate;
      876:  146:            state->deckCount[i]++;
        -:  147:        }
     2336:  148:        for (j = 3; j < 10; j++)
        -:  149:        {
     2044:  150:            state->deck[i][j] = copper;
     2044:  151:            state->deckCount[i]++;
        -:  152:        }
        -:  153:    }
        -:  154:
        -:  155:    //shuffle player decks
      393:  156:    for (i = 0; i < numPlayers; i++)
        -:  157:    {
      292:  158:        if ( shuffle(i, state) < 0 )
        -:  159:        {
    #####:  160:            return -1;
        -:  161:        }
        -:  162:    }
        -:  163:
        -:  164:    //draw player hands
      393:  165:    for (i = 0; i < numPlayers; i++)
        -:  166:    {
        -:  167:        //initialize hand size to zero
      292:  168:        state->handCount[i] = 0;
      292:  169:        state->discardCount[i] = 0;
        -:  170:        //draw 5 cards
        -:  171:        // for (j = 0; j < 5; j++)
        -:  172:        //	{
        -:  173:        //	  drawCard(i, state);
        -:  174:        //	}
        -:  175:    }
        -:  176:
        -:  177:    //set embargo tokens to 0 for all supply piles
     2828:  178:    for (i = 0; i <= treasure_map; i++)
        -:  179:    {
     2727:  180:        state->embargoTokens[i] = 0;
        -:  181:    }
        -:  182:
        -:  183:    //initialize first player's turn
      101:  184:    state->outpostPlayed = 0;
      101:  185:    state->phase = 0;
      101:  186:    state->numActions = 1;
      101:  187:    state->numBuys = 1;
      101:  188:    state->playedCardCount = 0;
      101:  189:    state->whoseTurn = 0;
      101:  190:    state->handCount[state->whoseTurn] = 0;
        -:  191:    //int it; move to top
        -:  192:
        -:  193:    //Moved draw cards to here, only drawing at the start of a turn
      606:  194:    for (it = 0; it < 5; it++) {
      505:  195:        drawCard(state->whoseTurn, state);
        -:  196:    }
        -:  197:
      101:  198:    updateCoins(state->whoseTurn, state, 0);
        -:  199:
      101:  200:    return 0;
        -:  201:}
        -:  202:
      309:  203:int shuffle(int player, struct gameState *state) {
        -:  204:
        -:  205:
        -:  206:    int newDeck[MAX_DECK];
      309:  207:    int newDeckPos = 0;
        -:  208:    int card;
        -:  209:    int i;
        -:  210:
      309:  211:    if (state->deckCount[player] < 1)
       17:  212:        return -1;
      292:  213:    qsort ((void*)(state->deck[player]), state->deckCount[player], sizeof(int), compare);
        -:  214:    /* SORT CARDS IN DECK TO ENSURE DETERMINISM! */
        -:  215:
     3504:  216:    while (state->deckCount[player] > 0) {
     2920:  217:        card = floor(Random() * state->deckCount[player]);
     2920:  218:        newDeck[newDeckPos] = state->deck[player][card];
     2920:  219:        newDeckPos++;
     9573:  220:        for (i = card; i < state->deckCount[player]-1; i++) {
     6653:  221:            state->deck[player][i] = state->deck[player][i+1];
        -:  222:        }
     2920:  223:        state->deckCount[player]--;
        -:  224:    }
     3212:  225:    for (i = 0; i < newDeckPos; i++) {
     2920:  226:        state->deck[player][i] = newDeck[i];
     2920:  227:        state->deckCount[player]++;
        -:  228:    }
        -:  229:
      292:  230:    return 0;
        -:  231:}
        -:  232:
    #####:  233:int playCard(int handPos, int choice1, int choice2, int choice3, struct gameState *state)
        -:  234:{
        -:  235:    int card;
    #####:  236:    int coin_bonus = 0; 		//tracks coins gain from actions
        -:  237:
        -:  238:    //check if it is the right phase
    #####:  239:    if (state->phase != 0)
        -:  240:    {
    #####:  241:        return -1;
        -:  242:    }
        -:  243:
        -:  244:    //check if player has enough actions
    #####:  245:    if ( state->numActions < 1 )
        -:  246:    {
    #####:  247:        return -1;
        -:  248:    }
        -:  249:
        -:  250:    //get card played
    #####:  251:    card = handCard(handPos, state);
        -:  252:
        -:  253:    //check if selected card is an action
    #####:  254:    if ( card < adventurer || card > treasure_map )
        -:  255:    {
    #####:  256:        return -1;
        -:  257:    }
        -:  258:
        -:  259:    //play card
    #####:  260:    if ( cardEffect(card, choice1, choice2, choice3, state, handPos, &coin_bonus) < 0 )
        -:  261:    {
    #####:  262:        return -1;
        -:  263:    }
        -:  264:
        -:  265:    //reduce number of actions
    #####:  266:    state->numActions--;
        -:  267:
        -:  268:    //update coins (Treasure cards may be added with card draws)
    #####:  269:    updateCoins(state->whoseTurn, state, coin_bonus);
        -:  270:
    #####:  271:    return 0;
        -:  272:}
        -:  273:
    #####:  274:int buyCard(int supplyPos, struct gameState *state) {
        -:  275:    int who;
        -:  276:    if (DEBUG) {
        -:  277:        printf("Entering buyCard...\n");
        -:  278:    }
        -:  279:
        -:  280:    // I don't know what to do about the phase thing.
        -:  281:
    #####:  282:    who = state->whoseTurn;
        -:  283:
    #####:  284:    if (state->numBuys < 1) {
        -:  285:        if (DEBUG)
        -:  286:            printf("You do not have any buys left\n");
    #####:  287:        return -1;
    #####:  288:    } else if (supplyCount(supplyPos, state) <1) {
        -:  289:        if (DEBUG)
        -:  290:            printf("There are not any of that type of card left\n");
    #####:  291:        return -1;
    #####:  292:    } else if (state->coins < getCost(supplyPos)) {
        -:  293:        if (DEBUG)
        -:  294:            printf("You do not have enough money to buy that. You have %d coins.\n", state->coins);
    #####:  295:        return -1;
        -:  296:    } else {
    #####:  297:        state->phase=1;
        -:  298:        //state->supplyCount[supplyPos]--;
    #####:  299:        gainCard(supplyPos, state, 0, who); //card goes in discard, this might be wrong.. (2 means goes into hand, 0 goes into discard)
        -:  300:
    #####:  301:        state->coins = (state->coins) - (getCost(supplyPos));
    #####:  302:        state->numBuys--;
        -:  303:        if (DEBUG)
        -:  304:            printf("You bought card number %d for %d coins. You now have %d buys and %d coins.\n", supplyPos, getCost(supplyPos), state->numBuys, state->coins);
        -:  305:    }
        -:  306:
        -:  307:    //state->discard[who][state->discardCount[who]] = supplyPos;
        -:  308:    //state->discardCount[who]++;
        -:  309:
    #####:  310:    return 0;
        -:  311:}
        -:  312:
      108:  313:int numHandCards(struct gameState *state) {
      108:  314:    return state->handCount[ whoseTurn(state) ];
        -:  315:}
        -:  316:
    #####:  317:int handCard(int handPos, struct gameState *state) {
    #####:  318:    int currentPlayer = whoseTurn(state);
    #####:  319:    return state->hand[currentPlayer][handPos];
        -:  320:}
        -:  321:
      238:  322:int supplyCount(int card, struct gameState *state) {
      238:  323:    return state->supplyCount[card];
        -:  324:}
        -:  325:
    #####:  326:int fullDeckCount(int player, int card, struct gameState *state) {
        -:  327:    int i;
    #####:  328:    int count = 0;
        -:  329:
    #####:  330:    for (i = 0; i < state->deckCount[player]; i++)
        -:  331:    {
    #####:  332:        if (state->deck[player][i] == card) count++;
        -:  333:    }
        -:  334:
    #####:  335:    for (i = 0; i < state->handCount[player]; i++)
        -:  336:    {
    #####:  337:        if (state->hand[player][i] == card) count++;
        -:  338:    }
        -:  339:
    #####:  340:    for (i = 0; i < state->discardCount[player]; i++)
        -:  341:    {
    #####:  342:        if (state->discard[player][i] == card) count++;
        -:  343:    }
        -:  344:
    #####:  345:    return count;
        -:  346:}
        -:  347:
      408:  348:int whoseTurn(struct gameState *state) {
      408:  349:    return state->whoseTurn;
        -:  350:}
        -:  351:
    #####:  352:int endTurn(struct gameState *state) {
        -:  353:    int k;
        -:  354:    int i;
    #####:  355:    int currentPlayer = whoseTurn(state);
        -:  356:
        -:  357:    //Discard hand
    #####:  358:    for (i = 0; i < state->handCount[currentPlayer]; i++) {
    #####:  359:        state->discard[currentPlayer][state->discardCount[currentPlayer]++] = state->hand[currentPlayer][i];//Discard
    #####:  360:        state->hand[currentPlayer][i] = -1;//Set card to -1
        -:  361:    }
    #####:  362:    state->handCount[currentPlayer] = 0;//Reset hand count
        -:  363:
        -:  364:    //Code for determining the player
    #####:  365:    if (currentPlayer < (state->numPlayers - 1)) {
    #####:  366:        state->whoseTurn = currentPlayer + 1;//Still safe to increment
        -:  367:    }
        -:  368:    else {
    #####:  369:        state->whoseTurn = 0;//Max player has been reached, loop back around to player 1
        -:  370:    }
        -:  371:
    #####:  372:    state->outpostPlayed = 0;
    #####:  373:    state->phase = 0;
    #####:  374:    state->numActions = 1;
    #####:  375:    state->coins = 0;
    #####:  376:    state->numBuys = 1;
    #####:  377:    state->playedCardCount = 0;
    #####:  378:    state->handCount[state->whoseTurn] = 0;
        -:  379:
        -:  380:    //int k; move to top
        -:  381:    //Next player draws hand
    #####:  382:    for (k = 0; k < 5; k++) {
    #####:  383:        drawCard(state->whoseTurn, state);//Draw a card
        -:  384:    }
        -:  385:
        -:  386:    //Update money
    #####:  387:    updateCoins(state->whoseTurn, state, 0);
        -:  388:
    #####:  389:    return 0;
        -:  390:}
        -:  391:
    #####:  392:int isGameOver(struct gameState *state) {
        -:  393:    int i;
        -:  394:    int j;
        -:  395:
        -:  396:    //if stack of Province cards is empty, the game ends
    #####:  397:    if (state->supplyCount[province] == 0)
        -:  398:    {
    #####:  399:        return 1;
        -:  400:    }
        -:  401:
        -:  402:    //if three supply pile are at 0, the game ends
    #####:  403:    j = 0;
    #####:  404:    for (i = 0; i < 25; i++)
        -:  405:    {
    #####:  406:        if (state->supplyCount[i] == 0)
        -:  407:        {
    #####:  408:            j++;
        -:  409:        }
        -:  410:    }
    #####:  411:    if ( j >= 3)
        -:  412:    {
    #####:  413:        return 1;
        -:  414:    }
        -:  415:
    #####:  416:    return 0;
        -:  417:}
        -:  418:
    #####:  419:int scoreFor (int player, struct gameState *state) {
        -:  420:
        -:  421:    int i;
    #####:  422:    int score = 0;
        -:  423:    //score from hand
    #####:  424:    for (i = 0; i < state->handCount[player]; i++)
        -:  425:    {
    #####:  426:        if (state->hand[player][i] == curse) {
    #####:  427:            score = score - 1;
        -:  428:        };
    #####:  429:        if (state->hand[player][i] == estate) {
    #####:  430:            score = score + 1;
        -:  431:        };
    #####:  432:        if (state->hand[player][i] == duchy) {
    #####:  433:            score = score + 3;
        -:  434:        };
    #####:  435:        if (state->hand[player][i] == province) {
    #####:  436:            score = score + 6;
        -:  437:        };
    #####:  438:        if (state->hand[player][i] == great_hall) {
    #####:  439:            score = score + 1;
        -:  440:        };
    #####:  441:        if (state->hand[player][i] == gardens) {
    #####:  442:            score = score + ( fullDeckCount(player, 0, state) / 10 );
        -:  443:        };
        -:  444:    }
        -:  445:
        -:  446:    //score from discard
    #####:  447:    for (i = 0; i < state->discardCount[player]; i++)
        -:  448:    {
    #####:  449:        if (state->discard[player][i] == curse) {
    #####:  450:            score = score - 1;
        -:  451:        };
    #####:  452:        if (state->discard[player][i] == estate) {
    #####:  453:            score = score + 1;
        -:  454:        };
    #####:  455:        if (state->discard[player][i] == duchy) {
    #####:  456:            score = score + 3;
        -:  457:        };
    #####:  458:        if (state->discard[player][i] == province) {
    #####:  459:            score = score + 6;
        -:  460:        };
    #####:  461:        if (state->discard[player][i] == great_hall) {
    #####:  462:            score = score + 1;
        -:  463:        };
    #####:  464:        if (state->discard[player][i] == gardens) {
    #####:  465:            score = score + ( fullDeckCount(player, 0, state) / 10 );
        -:  466:        };
        -:  467:    }
        -:  468:
        -:  469:    //score from deck
    #####:  470:    for (i = 0; i < state->discardCount[player]; i++)
        -:  471:    {
    #####:  472:        if (state->deck[player][i] == curse) {
    #####:  473:            score = score - 1;
        -:  474:        };
    #####:  475:        if (state->deck[player][i] == estate) {
    #####:  476:            score = score + 1;
        -:  477:        };
    #####:  478:        if (state->deck[player][i] == duchy) {
    #####:  479:            score = score + 3;
        -:  480:        };
    #####:  481:        if (state->deck[player][i] == province) {
    #####:  482:            score = score + 6;
        -:  483:        };
    #####:  484:        if (state->deck[player][i] == great_hall) {
    #####:  485:            score = score + 1;
        -:  486:        };
    #####:  487:        if (state->deck[player][i] == gardens) {
    #####:  488:            score = score + ( fullDeckCount(player, 0, state) / 10 );
        -:  489:        };
        -:  490:    }
        -:  491:
    #####:  492:    return score;
        -:  493:}
        -:  494:
    #####:  495:int getWinners(int players[MAX_PLAYERS], struct gameState *state) {
        -:  496:    int i;
        -:  497:    int j;
        -:  498:    int highScore;
        -:  499:    int currentPlayer;
        -:  500:
        -:  501:    //get score for each player
    #####:  502:    for (i = 0; i < MAX_PLAYERS; i++)
        -:  503:    {
        -:  504:        //set unused player scores to -9999
    #####:  505:        if (i >= state->numPlayers)
        -:  506:        {
    #####:  507:            players[i] = -9999;
        -:  508:        }
        -:  509:        else
        -:  510:        {
    #####:  511:            players[i] = scoreFor (i, state);
        -:  512:        }
        -:  513:    }
        -:  514:
        -:  515:    //find highest score
    #####:  516:    j = 0;
    #####:  517:    for (i = 0; i < MAX_PLAYERS; i++)
        -:  518:    {
    #####:  519:        if (players[i] > players[j])
        -:  520:        {
    #####:  521:            j = i;
        -:  522:        }
        -:  523:    }
    #####:  524:    highScore = players[j];
        -:  525:
        -:  526:    //add 1 to players who had less turns
    #####:  527:    currentPlayer = whoseTurn(state);
    #####:  528:    for (i = 0; i < MAX_PLAYERS; i++)
        -:  529:    {
    #####:  530:        if ( players[i] == highScore && i > currentPlayer )
        -:  531:        {
    #####:  532:            players[i]++;
        -:  533:        }
        -:  534:    }
        -:  535:
        -:  536:    //find new highest score
    #####:  537:    j = 0;
    #####:  538:    for (i = 0; i < MAX_PLAYERS; i++)
        -:  539:    {
    #####:  540:        if ( players[i] > players[j] )
        -:  541:        {
    #####:  542:            j = i;
        -:  543:        }
        -:  544:    }
    #####:  545:    highScore = players[j];
        -:  546:
        -:  547:    //set winners in array to 1 and rest to 0
    #####:  548:    for (i = 0; i < MAX_PLAYERS; i++)
        -:  549:    {
    #####:  550:        if ( players[i] == highScore )
        -:  551:        {
    #####:  552:            players[i] = 1;
        -:  553:        }
        -:  554:        else
        -:  555:        {
    #####:  556:            players[i] = 0;
        -:  557:        }
        -:  558:    }
        -:  559:
    #####:  560:    return 0;
        -:  561:}
        -:  562:
      657:  563:int drawCard(int player, struct gameState *state)
        -:  564:{   int count;
        -:  565:    int deckCounter;
      657:  566:    if (state->deckCount[player] <= 0) { //Deck is empty
        -:  567:
        -:  568:        //Step 1 Shuffle the discard pile back into a deck
        -:  569:        int i;
        -:  570:        //Move discard to deck
       17:  571:        for (i = 0; i < state->discardCount[player]; i++) {
    #####:  572:            state->deck[player][i] = state->discard[player][i];
    #####:  573:            state->discard[player][i] = -1;
        -:  574:        }
        -:  575:
       17:  576:        state->deckCount[player] = state->discardCount[player];
       17:  577:        state->discardCount[player] = 0;//Reset discard
        -:  578:
        -:  579:        //Shufffle the deck
       17:  580:        shuffle(player, state);//Shuffle the deck up and make it so that we can draw
        -:  581:
        -:  582:        if (DEBUG) { //Debug statements
        -:  583:            printf("Deck count now: %d\n", state->deckCount[player]);
        -:  584:        }
        -:  585:
       17:  586:        state->discardCount[player] = 0;
        -:  587:
        -:  588:        //Step 2 Draw Card
       17:  589:        count = state->handCount[player];//Get current player's hand count
        -:  590:
        -:  591:        if (DEBUG) { //Debug statements
        -:  592:            printf("Current hand count: %d\n", count);
        -:  593:        }
        -:  594:
       17:  595:        deckCounter = state->deckCount[player];//Create a holder for the deck count
        -:  596:
       17:  597:        if (deckCounter == 0)
       17:  598:            return -1;
        -:  599:
    #####:  600:        state->hand[player][count] = state->deck[player][deckCounter - 1];//Add card to hand
    #####:  601:        state->deckCount[player]--;
    #####:  602:        state->handCount[player]++;//Increment hand count
        -:  603:    }
        -:  604:
        -:  605:    else {
      640:  606:        int count = state->handCount[player];//Get current hand count for player
        -:  607:        int deckCounter;
        -:  608:        if (DEBUG) { //Debug statements
        -:  609:            printf("Current hand count: %d\n", count);
        -:  610:        }
        -:  611:
      640:  612:        deckCounter = state->deckCount[player];//Create holder for the deck count
      640:  613:        state->hand[player][count] = state->deck[player][deckCounter - 1];//Add card to the hand
      640:  614:        state->deckCount[player]--;
      640:  615:        state->handCount[player]++;//Increment hand count
        -:  616:    }
        -:  617:
      640:  618:    return 0;
        -:  619:}
        -:  620:
        2:  621:int getCost(int cardNumber)
        -:  622:{
        2:  623:    switch( cardNumber )
        -:  624:    {
        -:  625:    case curse:
    #####:  626:        return 0;
        -:  627:    case estate:
    #####:  628:        return 2;
        -:  629:    case duchy:
    #####:  630:        return 5;
        -:  631:    case province:
        1:  632:        return 8;
        -:  633:    case copper:
        1:  634:        return 0;
        -:  635:    case silver:
    #####:  636:        return 3;
        -:  637:    case gold:
    #####:  638:        return 6;
        -:  639:    case adventurer:
    #####:  640:        return 6;
        -:  641:    case council_room:
    #####:  642:        return 5;
        -:  643:    case feast:
    #####:  644:        return 4;
        -:  645:    case gardens:
    #####:  646:        return 4;
        -:  647:    case mine:
    #####:  648:        return 5;
        -:  649:    case remodel:
    #####:  650:        return 4;
        -:  651:    case smithy:
    #####:  652:        return 4;
        -:  653:    case village:
    #####:  654:        return 3;
        -:  655:    case baron:
    #####:  656:        return 4;
        -:  657:    case great_hall:
    #####:  658:        return 3;
        -:  659:    case minion:
    #####:  660:        return 5;
        -:  661:    case steward:
    #####:  662:        return 3;
        -:  663:    case tribute:
    #####:  664:        return 5;
        -:  665:    case ambassador:
    #####:  666:        return 3;
        -:  667:    case cutpurse:
    #####:  668:        return 4;
        -:  669:    case embargo:
    #####:  670:        return 2;
        -:  671:    case outpost:
    #####:  672:        return 5;
        -:  673:    case salvager:
    #####:  674:        return 4;
        -:  675:    case sea_hag:
    #####:  676:        return 4;
        -:  677:    case treasure_map:
    #####:  678:        return 4;
        -:  679:    }
        -:  680:
    #####:  681:    return -1;
        -:  682:}
        -:  683:
    #####:  684:int cardEffect(int card, int choice1, int choice2, int choice3, struct gameState *state, int handPos, int *bonus)
        -:  685:{
        -:  686:    int i;
        -:  687:    int j;
        -:  688:    int k;
        -:  689:    int x;
        -:  690:    int index;
    #####:  691:    int currentPlayer = whoseTurn(state);
    #####:  692:    int nextPlayer = currentPlayer + 1;
        -:  693:
    #####:  694:    int tributeRevealedCards[2] = {-1, -1};
        -:  695:    int temphand[MAX_HAND];// moved above the if statement
    #####:  696:    int drawntreasure=0;
        -:  697:    int cardDrawn;
    #####:  698:    int z = 0;// this is the counter for the temp hand
    #####:  699:    if (nextPlayer > (state->numPlayers - 1)) {
    #####:  700:        nextPlayer = 0;
        -:  701:    }
        -:  702:
        -:  703:
        -:  704:    //uses switch to select card and perform actions
    #####:  705:    switch( card )
        -:  706:    {
        -:  707:    case adventurer:
    #####:  708:        while(drawntreasure<2) {
    #####:  709:            if (state->deckCount[currentPlayer] <1) { //if the deck is empty we need to shuffle discard and add to deck
    #####:  710:                shuffle(currentPlayer, state);
        -:  711:            }
    #####:  712:            drawCard(currentPlayer, state);
    #####:  713:            cardDrawn = state->hand[currentPlayer][state->handCount[currentPlayer]-1];//top card of hand is most recently drawn card.
    #####:  714:            if (cardDrawn == copper || cardDrawn == silver || cardDrawn == gold)
    #####:  715:                drawntreasure++;
        -:  716:            else {
    #####:  717:                temphand[z]=cardDrawn;
    #####:  718:                state->handCount[currentPlayer]--; //this should just remove the top card (the most recently drawn one).
    #####:  719:                z++;
        -:  720:            }
        -:  721:        }
    #####:  722:        while(z-1>=0) {
    #####:  723:            state->discard[currentPlayer][state->discardCount[currentPlayer]++]=temphand[z-1]; // discard all cards in play that have been drawn
    #####:  724:            z=z-1;
        -:  725:        }
    #####:  726:        return 0;
        -:  727:
        -:  728:    case council_room:
        -:  729:        //+4 Cards
    #####:  730:        for (i = 0; i < 4; i++)
        -:  731:        {
    #####:  732:            drawCard(currentPlayer, state);
        -:  733:        }
        -:  734:
        -:  735:        //+1 Buy
    #####:  736:        state->numBuys++;
        -:  737:
        -:  738:        //Each other player draws a card
    #####:  739:        for (i = 0; i < state->numPlayers; i++)
        -:  740:        {
    #####:  741:            if ( i != currentPlayer )
        -:  742:            {
    #####:  743:                drawCard(i, state);
        -:  744:            }
        -:  745:        }
        -:  746:
        -:  747:        //put played card in played card pile
    #####:  748:        discardCard(handPos, currentPlayer, state, 0);
        -:  749:
    #####:  750:        return 0;
        -:  751:
        -:  752:    case feast:
        -:  753:        //gain card with cost up to 5
        -:  754:        //Backup hand
    #####:  755:        for (i = 0; i <= state->handCount[currentPlayer]; i++) {
    #####:  756:            temphand[i] = state->hand[currentPlayer][i];//Backup card
    #####:  757:            state->hand[currentPlayer][i] = -1;//Set to nothing
        -:  758:        }
        -:  759:        //Backup hand
        -:  760:
        -:  761:        //Update Coins for Buy
    #####:  762:        updateCoins(currentPlayer, state, 5);
    #####:  763:        x = 1;//Condition to loop on
    #####:  764:        while( x == 1) {//Buy one card
    #####:  765:            if (supplyCount(choice1, state) <= 0) {
        -:  766:                if (DEBUG)
        -:  767:                    printf("None of that card left, sorry!\n");
        -:  768:
        -:  769:                if (DEBUG) {
        -:  770:                    printf("Cards Left: %d\n", supplyCount(choice1, state));
        -:  771:                }
        -:  772:            }
    #####:  773:            else if (state->coins < getCost(choice1)) {
    #####:  774:                printf("That card is too expensive!\n");
        -:  775:
        -:  776:                if (DEBUG) {
        -:  777:                    printf("Coins: %d < %d\n", state->coins, getCost(choice1));
        -:  778:                }
        -:  779:            }
        -:  780:            else {
        -:  781:
        -:  782:                if (DEBUG) {
        -:  783:                    printf("Deck Count: %d\n", state->handCount[currentPlayer] + state->deckCount[currentPlayer] + state->discardCount[currentPlayer]);
        -:  784:                }
        -:  785:
    #####:  786:                gainCard(choice1, state, 0, currentPlayer);//Gain the card
    #####:  787:                x = 0;//No more buying cards
        -:  788:
        -:  789:                if (DEBUG) {
        -:  790:                    printf("Deck Count: %d\n", state->handCount[currentPlayer] + state->deckCount[currentPlayer] + state->discardCount[currentPlayer]);
        -:  791:                }
        -:  792:
        -:  793:            }
        -:  794:        }
        -:  795:
        -:  796:        //Reset Hand
    #####:  797:        for (i = 0; i <= state->handCount[currentPlayer]; i++) {
    #####:  798:            state->hand[currentPlayer][i] = temphand[i];
    #####:  799:            temphand[i] = -1;
        -:  800:        }
        -:  801:        //Reset Hand
        -:  802:
    #####:  803:        return 0;
        -:  804:
        -:  805:    case gardens:
    #####:  806:        return -1;
        -:  807:
        -:  808:    case mine:
    #####:  809:        mine_action (state, choice1, choice2, currentPlayer, handPos);
        -:  810:
        -:  811:    case remodel:
    #####:  812:        j = state->hand[currentPlayer][choice1];  //store card we will trash
        -:  813:
    #####:  814:        if ( (getCost(state->hand[currentPlayer][choice1]) + 2) > getCost(choice2) )
        -:  815:        {
    #####:  816:            return -1;
        -:  817:        }
        -:  818:
    #####:  819:        gainCard(choice2, state, 0, currentPlayer);
        -:  820:
        -:  821:        //discard card from hand
    #####:  822:        discardCard(handPos, currentPlayer, state, 0);
        -:  823:
        -:  824:        //discard trashed card
    #####:  825:        for (i = 0; i < state->handCount[currentPlayer]; i++)
        -:  826:        {
    #####:  827:            if (state->hand[currentPlayer][i] == j)
        -:  828:            {
    #####:  829:                discardCard(i, currentPlayer, state, 0);
    #####:  830:                break;
        -:  831:            }
        -:  832:        }
        -:  833:
        -:  834:
    #####:  835:        return 0;
        -:  836:
        -:  837:    case smithy:
        -:  838:        //+3 Cards
    #####:  839:        for (i = 0; i < 3; i++)
        -:  840:        {
    #####:  841:            drawCard(currentPlayer, state);
        -:  842:        }
        -:  843:
        -:  844:        //discard card from hand
    #####:  845:        discardCard(handPos, currentPlayer, state, 0);
    #####:  846:        return 0;
        -:  847:
        -:  848:    case village:
        -:  849:        //+1 Card
    #####:  850:        drawCard(currentPlayer, state);
        -:  851:
        -:  852:        //+2 Actions
    #####:  853:        state->numActions = state->numActions + 2;
        -:  854:
        -:  855:        //discard played card from hand
    #####:  856:        discardCard(handPos, currentPlayer, state, 0);
    #####:  857:        return 0;
        -:  858:
        -:  859:    case baron:
    #####:  860:        return baron_action (state, choice1, currentPlayer);
        -:  861:    case great_hall:
        -:  862:        //+1 Card
    #####:  863:        drawCard(currentPlayer, state);
        -:  864:
        -:  865:        //+1 Actions
    #####:  866:        state->numActions++;
        -:  867:
        -:  868:        //discard card from hand
    #####:  869:        discardCard(handPos, currentPlayer, state, 0);
    #####:  870:        return 0;
        -:  871:
        -:  872:    case minion:
    #####:  873:        minion_action(state, choice1, choice2, handPos, currentPlayer);
        -:  874:    
        -:  875:    case steward:
    #####:  876:        if (choice1 == 1)
        -:  877:        {
        -:  878:            //+2 cards
    #####:  879:            drawCard(currentPlayer, state);
    #####:  880:            drawCard(currentPlayer, state);
        -:  881:        }
    #####:  882:        else if (choice1 == 2)
        -:  883:        {
        -:  884:            //+2 coins
    #####:  885:            state->coins = state->coins + 2;
        -:  886:        }
        -:  887:        else
        -:  888:        {
        -:  889:            //trash 2 cards in hand
    #####:  890:            discardCard(choice2, currentPlayer, state, 1);
    #####:  891:            discardCard(choice3, currentPlayer, state, 1);
        -:  892:        }
        -:  893:
        -:  894:        //discard card from hand
    #####:  895:        discardCard(handPos, currentPlayer, state, 0);
    #####:  896:        return 0;
        -:  897:
        -:  898:    case tribute:
    #####:  899:        tribute_action(state, nextPlayer, tributeRevealedCards, currentPlayer);
        -:  900:    case ambassador:
    #####:  901:        ambassador_action(state, choice1, choice2, handPos, currentPlayer);
        -:  902:    case cutpurse:
        -:  903:
    #####:  904:        updateCoins(currentPlayer, state, 2);
    #####:  905:        for (i = 0; i < state->numPlayers; i++)
        -:  906:        {
    #####:  907:            if (i != currentPlayer)
        -:  908:            {
    #####:  909:                for (j = 0; j < state->handCount[i]; j++)
        -:  910:                {
    #####:  911:                    if (state->hand[i][j] == copper)
        -:  912:                    {
    #####:  913:                        discardCard(j, i, state, 0);
    #####:  914:                        break;
        -:  915:                    }
    #####:  916:                    if (j == state->handCount[i])
        -:  917:                    {
    #####:  918:                        for (k = 0; k < state->handCount[i]; k++)
        -:  919:                        {
        -:  920:                            if (DEBUG)
        -:  921:                                printf("Player %d reveals card number %d\n", i, state->hand[i][k]);
        -:  922:                        }
    #####:  923:                        break;
        -:  924:                    }
        -:  925:                }
        -:  926:
        -:  927:            }
        -:  928:
        -:  929:        }
        -:  930:
        -:  931:        //discard played card from hand
    #####:  932:        discardCard(handPos, currentPlayer, state, 0);
        -:  933:
    #####:  934:        return 0;
        -:  935:
        -:  936:  
        -:  937:    case embargo:
        -:  938:        //+2 Coins
    #####:  939:        state->coins = state->coins + 2;
        -:  940:
        -:  941:        //see if selected pile is in play
    #####:  942:        if ( state->supplyCount[choice1] == -1 )
        -:  943:        {
    #####:  944:            return -1;
        -:  945:        }
        -:  946:
        -:  947:        //add embargo token to selected supply pile
    #####:  948:        state->embargoTokens[choice1]++;
        -:  949:
        -:  950:        //trash card
    #####:  951:        discardCard(handPos, currentPlayer, state, 1);
    #####:  952:        return 0;
        -:  953:
        -:  954:    case outpost:
        -:  955:        //set outpost flag
    #####:  956:        state->outpostPlayed++;
        -:  957:
        -:  958:        //discard card
    #####:  959:        discardCard(handPos, currentPlayer, state, 0);
    #####:  960:        return 0;
        -:  961:
        -:  962:    case salvager:
        -:  963:        //+1 buy
    #####:  964:        state->numBuys++;
        -:  965:
    #####:  966:        if (choice1)
        -:  967:        {
        -:  968:            //gain coins equal to trashed card
    #####:  969:            state->coins = state->coins + getCost( handCard(choice1, state) );
        -:  970:            //trash card
    #####:  971:            discardCard(choice1, currentPlayer, state, 1);
        -:  972:        }
        -:  973:
        -:  974:        //discard card
    #####:  975:        discardCard(handPos, currentPlayer, state, 0);
    #####:  976:        return 0;
        -:  977:
        -:  978:    case sea_hag:
    #####:  979:        for (i = 0; i < state->numPlayers; i++) {
    #####:  980:            if (i != currentPlayer) {
    #####:  981:                state->discard[i][state->discardCount[i]] = state->deck[i][state->deckCount[i]--];
    #####:  982:                state->deckCount[i]--;
    #####:  983:                state->discardCount[i]++;
    #####:  984:                state->deck[i][state->deckCount[i]--] = curse;//Top card now a curse
        -:  985:            }
        -:  986:        }
    #####:  987:        return 0;
        -:  988:
        -:  989:    case treasure_map:
        -:  990:        //search hand for another treasure_map
    #####:  991:        index = -1;
    #####:  992:        for (i = 0; i < state->handCount[currentPlayer]; i++)
        -:  993:        {
    #####:  994:            if (state->hand[currentPlayer][i] == treasure_map && i != handPos)
        -:  995:            {
    #####:  996:                index = i;
    #####:  997:                break;
        -:  998:            }
        -:  999:        }
    #####: 1000:        if (index > -1)
        -: 1001:        {
        -: 1002:            //trash both treasure cards
    #####: 1003:            discardCard(handPos, currentPlayer, state, 1);
    #####: 1004:            discardCard(index, currentPlayer, state, 1);
        -: 1005:
        -: 1006:            //gain 4 Gold cards
    #####: 1007:            for (i = 0; i < 4; i++)
        -: 1008:            {
    #####: 1009:                gainCard(gold, state, 1, currentPlayer);
        -: 1010:            }
        -: 1011:
        -: 1012:            //return success
    #####: 1013:            return 1;
        -: 1014:        }
        -: 1015:
        -: 1016:        //no second treasure_map found in hand
    #####: 1017:        return -1;
        -: 1018:    }
        -: 1019:
    #####: 1020:    return -1;
        -: 1021:}
        -: 1022:
      103: 1023:int baron_action (struct gameState *state, int choice1, int currentPlayer) {
      103: 1024:    state->numBuys++;//Increase buys by 1!
      103: 1025:        if (choice1 > 0) { //Boolean true or going to discard an estate
       48: 1026:            int p = 0;//Iterator for hand!
       48: 1027:            int card_not_discarded = 1;//Flag for discard set!
      264: 1028:            while(card_not_discarded) {
      168: 1029:                if (state->hand[currentPlayer][p] == estate) { //Found an estate card!
       30: 1030:                    state->coins += 10;//Add 4 coins to the amount of coins
       30: 1031:                    state->discard[currentPlayer][state->discardCount[currentPlayer]] = state->hand[currentPlayer][p];
       30: 1032:                    state->discardCount[currentPlayer]++;
       60: 1033:                    for (; p < state->handCount[currentPlayer]; p++) {
       30: 1034:                        state->hand[currentPlayer][p] = state->hand[currentPlayer][p+1];
        -: 1035:                    }
       30: 1036:                    state->hand[currentPlayer][state->handCount[currentPlayer]] = -1;
       30: 1037:                    state->handCount[currentPlayer]--;
       30: 1038:                    card_not_discarded = 0;//Exit the loop
        -: 1039:                }
      138: 1040:                else if (p > state->handCount[currentPlayer]) {
        -: 1041:                    if(DEBUG) {
        -: 1042:                        printf("No estate cards in your hand, invalid choice\n");
        -: 1043:                        printf("Must gain an estate if there are any\n");
        -: 1044:                    }
       18: 1045:                    if (supplyCount(estate, state) < 0) {
    #####: 1046:                        gainCard(estate, state, 0, currentPlayer);
        -: 1047:
    #####: 1048:                        state->supplyCount[estate]--;//Decrement estates
    #####: 1049:                        if (supplyCount(estate, state) == 0) {
    #####: 1050:                            isGameOver(state);
        -: 1051:                        }
        -: 1052:                    }
       18: 1053:                    card_not_discarded = 0;//Exit the loop
        -: 1054:                }
        -: 1055:
        -: 1056:                else {
      120: 1057:                    p++;//Next card
        -: 1058:                }
        -: 1059:            }
        -: 1060:        }
        -: 1061:
        -: 1062:        else {
       55: 1063:            if (supplyCount(estate, state) > 0) {
       55: 1064:                gainCard(estate, state, 0, currentPlayer);//Gain an estate
        -: 1065:
       55: 1066:                state->supplyCount[estate]--;//Decrement Estates
       55: 1067:                if (supplyCount(estate, state) == 0) {
    #####: 1068:                    isGameOver(state);
        -: 1069:                }
        -: 1070:            }
        -: 1071:        }
        -: 1072:
        -: 1073:
      103: 1074:        return 0;
        -: 1075:
        -: 1076:}
      103: 1077:    int minion_action (struct gameState *state, int choice1, int choice2, int handPos, int currentPlayer) {
        -: 1078:        //+1 action
      103: 1079:            state->numActions++;
        -: 1080:            int i, j;
        -: 1081:            //discard card from hand
      103: 1082:            discardCard(handPos, currentPlayer, state, 0);
        -: 1083:
      103: 1084:            if (choice1)
        -: 1085:            {
       45: 1086:                state->coins = state->coins + 2;
        -: 1087:            }
       58: 1088:        else if (choice2)		//discard hand, redraw 4, other players with 5+ cards discard hand and draw 4
        -: 1089:        {
        -: 1090:            //discard hand
      138: 1091:            while(numHandCards(state) > 0)
        -: 1092:            {
        -: 1093:                // drawCard(currentPlayer, state);
        -: 1094:                // NOTE: Changed to get coverage metrics and not have an infinite loop
       78: 1095:                discardCard(handPos, currentPlayer, state, 0);
        -: 1096:            }
        -: 1097:
        -: 1098:            //draw 4
      150: 1099:            for (i = 0; i < 4; i++)
        -: 1100:            {
        -: 1101:                // NOTE: Changed to get coverage metrics and not have an infinite loop
        -: 1102:                // discardCard(handPos, currentPlayer, state, 0);
      120: 1103:                drawCard(currentPlayer, state);
        -: 1104:            }
        -: 1105:
        -: 1106:            //other players discard hand and redraw if hand size > 4
      110: 1107:            for (i = 0; i < state->numPlayers; i++)
        -: 1108:            {
       80: 1109:                if (i == currentPlayer)
        -: 1110:                {
       30: 1111:                    if ( state->handCount[i] > 4 )
        -: 1112:                    {
        -: 1113:                        //discard hand
    #####: 1114:                        while( state->handCount[i] > 0 )
        -: 1115:                        {
    #####: 1116:                            discardCard(handPos, i, state, 0);
        -: 1117:                        }
        -: 1118:
        -: 1119:                        //draw 4
    #####: 1120:                        for (j = 0; j < 4; j++)
        -: 1121:                        {
    #####: 1122:                            drawCard(i, state);
        -: 1123:                        }
        -: 1124:                    }
        -: 1125:                }
        -: 1126:            }
        -: 1127:
        -: 1128:        }
      103: 1129:        return 0;
        -: 1130:}
        -: 1131:
        4: 1132:int ambassador_action (struct gameState *state, int choice1, int choice2, int handPos, int currentPlayer) {
        -: 1133:    int j;
        4: 1134:    j = 0;		//used to check if player has enough cards to discard
        -: 1135:    int i;
        -: 1136:
        4: 1137:        if (choice2 > 2 || choice2 < 0)
        -: 1138:        {
        1: 1139:            return -1;
        -: 1140:        }
        -: 1141:
        3: 1142:        if (choice1 == handPos)
        -: 1143:        {
    #####: 1144:            return -1;
        -: 1145:        }
        -: 1146:
       16: 1147:        for (i = 0; i < state->handCount[currentPlayer]; i++)
        -: 1148:        {
       13: 1149:            if (i != handPos && i == state->hand[currentPlayer][choice1] && i != choice1)
        -: 1150:            {
        1: 1151:                j++;
        -: 1152:            }
        -: 1153:        }
        3: 1154:        if (j < choice2)
        -: 1155:        {
        2: 1156:            return -1;
        -: 1157:        }
        -: 1158:
        -: 1159:        if (DEBUG)
        -: 1160:            printf("Player %d reveals card number: %d\n", currentPlayer, state->hand[currentPlayer][choice1]);
        -: 1161:
        -: 1162:        //increase supply count for choosen card by amount being discarded
        1: 1163:        state->supplyCount[state->hand[currentPlayer][choice1]] -= choice2;
        -: 1164:
        -: 1165:        //each other player gains a copy of revealed card
        3: 1166:        for (i = 0; i < state->numPlayers; i++)
        -: 1167:        {
        2: 1168:            if (i != currentPlayer)
        -: 1169:            {
        1: 1170:                    discardCard(i, currentPlayer, state, 1);
        -: 1171:            }
        -: 1172:        }
        -: 1173:
        -: 1174:        //discard played card from hand
        1: 1175:        discardCard(handPos, currentPlayer, state, 0);
        -: 1176:
        -: 1177:        //trash copies of cards returned to supply
        1: 1178:        for (j = 0; j < choice2; j++)
        -: 1179:        {
    #####: 1180:            for (i = 0; i < state->handCount[currentPlayer]; i++)
        -: 1181:            {
    #####: 1182:                if (state->hand[currentPlayer][i] == state->hand[currentPlayer][choice1])
        -: 1183:                {
    #####: 1184:                gainCard(state->hand[currentPlayer][choice1], state, 0, i);
    #####: 1185:                    break;
        -: 1186:                }
        -: 1187:            }
        -: 1188:        }
        -: 1189:
        1: 1190:        return 0;
        -: 1191:
        -: 1192:}
        -: 1193:
        2: 1194:int mine_action (struct gameState* state, int choice1, int choice2, int currentPlayer, int handPos){
        -: 1195:    int i;
        -: 1196:    int j;
        2: 1197:    i = 0;
        2: 1198:    j = 0;
        2: 1199:    j = state->hand[currentPlayer][choice1];  //store card we will trash
        -: 1200:
        2: 1201:        if (state->hand[currentPlayer][choice1] > gold || state->hand[currentPlayer][choice1] < copper)
        -: 1202:        {
        1: 1203:            return -1;
        -: 1204:        }
        -: 1205:
        1: 1206:        if (choice2 > treasure_map || choice2 < curse)
        -: 1207:        {
    #####: 1208:            return -1;
        -: 1209:        }
        -: 1210:
        1: 1211:        if ( (getCost(state->hand[currentPlayer][choice1]) + 4) > getCost(choice2) )
        -: 1212:        {
    #####: 1213:            return -1;
        -: 1214:        }
        -: 1215:
        1: 1216:        gainCard(choice2, state, 2, currentPlayer);
        -: 1217:
        -: 1218:        //discard card from hand
        1: 1219:        discardCard(handPos, currentPlayer, state, 0);
        -: 1220:
        -: 1221:        //discard trashed card
        2: 1222:        for (i = 0; i < state->handCount[currentPlayer]; i++)
        -: 1223:        {
        2: 1224:            if (state->hand[currentPlayer][i] == j)
        -: 1225:            {
        1: 1226:                discardCard(i, currentPlayer, state, 0);
        1: 1227:                break;
        -: 1228:            }
        -: 1229:        }
        -: 1230:
        1: 1231:        return 0;
        -: 1232:}
        -: 1233:
      110: 1234:int tribute_action (struct gameState*  state, int nextPlayer, int *tributeRevealedCards, int currentPlayer) {
        -: 1235:    int i;
      110: 1236:    i = 0;
        -: 1237:    
      110: 1238:    if ((state->discardCount[nextPlayer] + state->deckCount[nextPlayer]) <= 1) {
       83: 1239:            if (state->deckCount[nextPlayer] > 0) {
       29: 1240:                tributeRevealedCards[0] = state->deck[nextPlayer][state->deckCount[nextPlayer]-1];
       29: 1241:                state->deckCount[nextPlayer]--;
        -: 1242:            }
       54: 1243:            else if (state->discardCount[currentPlayer] > 0) {
        1: 1244:                tributeRevealedCards[0] = state->discard[nextPlayer][state->discardCount[nextPlayer]-1];
        1: 1245:                state->discardCount[nextPlayer]--;
        -: 1246:            }
        -: 1247:            else {
        -: 1248:                //No Card to Reveal
        -: 1249:                if (DEBUG) {
        -: 1250:                    printf("No cards to reveal\n");
        -: 1251:                }
        -: 1252:            }
        -: 1253:        }
        -: 1254:
        -: 1255:        else {
       27: 1256:            if (state->deckCount[nextPlayer] == 0) {
    #####: 1257:                for (i = 0; i < state->discardCount[nextPlayer]; i++) {
    #####: 1258:                    state->deck[nextPlayer][i] = state->discard[nextPlayer][i];//Move to deck
    #####: 1259:                    state->deckCount[nextPlayer]++;
    #####: 1260:                    state->discard[nextPlayer][i] = -1;
    #####: 1261:                    state->discardCount[nextPlayer]--;
        -: 1262:                }
        -: 1263:
    #####: 1264:                shuffle(nextPlayer,state);//Shuffle the deck
        -: 1265:            }
        -: 1266:            // tributeRevealedCards[-1] = state->deck[nextPlayer][state->deckCount[nextPlayer]-1];
       27: 1267:            tributeRevealedCards[0] = state->deck[nextPlayer][state->deckCount[nextPlayer]-1];
       27: 1268:            state->deck[nextPlayer][state->deckCount[nextPlayer]--] = -1;
       27: 1269:            state->deckCount[nextPlayer]--;
       27: 1270:            tributeRevealedCards[1] = state->deck[nextPlayer][state->deckCount[nextPlayer]-1];
       27: 1271:            state->deck[nextPlayer][state->deckCount[nextPlayer]--] = -1;
       27: 1272:            state->deckCount[nextPlayer]--;
        -: 1273:        }
        -: 1274:
      110: 1275:        if (tributeRevealedCards[0] == tributeRevealedCards[1]) { //If we have a duplicate card, just drop one
        3: 1276:            state->playedCards[state->playedCardCount] = tributeRevealedCards[1];
        3: 1277:            state->playedCardCount++;
        3: 1278:            tributeRevealedCards[1] = -1;
        -: 1279:        }
        -: 1280:
      440: 1281:        for (i = 0; i <= 2; i ++) {
      330: 1282:            if (tributeRevealedCards[i] == copper || tributeRevealedCards[i] == silver || tributeRevealedCards[i] == gold) { //Treasure cards
       96: 1283:                state->coins += 2;
        -: 1284:            }
        -: 1285:
      234: 1286:            else if (tributeRevealedCards[i] == estate || tributeRevealedCards[i] == duchy || tributeRevealedCards[i] == province || tributeRevealedCards[i] == gardens || tributeRevealedCards[i] == great_hall) { //Victory Card Found
       16: 1287:                drawCard(currentPlayer, state);
       16: 1288:                drawCard(currentPlayer, state);
        -: 1289:            }
        -: 1290:            else { //Action Card
      218: 1291:                state->numActions = state->numActions + 2;
        -: 1292:            }
        -: 1293:        }
        -: 1294:
      110: 1295:        return 0;
        -: 1296:
        -: 1297:}
        -: 1298:
      185: 1299:int discardCard(int handPos, int currentPlayer, struct gameState *state, int trashFlag)
        -: 1300:{
        -: 1301:
        -: 1302:    //if card is not trashed, added to Played pile
      185: 1303:    if (trashFlag < 1)
        -: 1304:    {
        -: 1305:        //add card to played pile
      184: 1306:        state->playedCards[state->playedCardCount] = state->hand[currentPlayer][handPos];
      184: 1307:        state->playedCardCount++;
        -: 1308:    }
        -: 1309:
        -: 1310:    //set played card to -1
      185: 1311:    state->hand[currentPlayer][handPos] = -1;
        -: 1312:
        -: 1313:    //remove card from player's hand
      185: 1314:    if ( handPos == (state->handCount[currentPlayer] - 1) ) 	//last card in hand array is played
        -: 1315:    {
        -: 1316:        //reduce number of cards in hand
       20: 1317:        state->handCount[currentPlayer]--;
        -: 1318:    }
      165: 1319:    else if ( state->handCount[currentPlayer] == 1 ) //only one card in hand
        -: 1320:    {
        -: 1321:        //reduce number of cards in hand
    #####: 1322:        state->handCount[currentPlayer]--;
        -: 1323:    }
        -: 1324:    else
        -: 1325:    {
        -: 1326:        //replace discarded card with last card in hand
      165: 1327:        state->hand[currentPlayer][handPos] = state->hand[currentPlayer][ (state->handCount[currentPlayer] - 1)];
        -: 1328:        //set last card to -1
      165: 1329:        state->hand[currentPlayer][state->handCount[currentPlayer] - 1] = -1;
        -: 1330:        //reduce number of cards in hand
      165: 1331:        state->handCount[currentPlayer]--;
        -: 1332:    }
        -: 1333:
      185: 1334:    return 0;
        -: 1335:}
        -: 1336:
       56: 1337:int gainCard(int supplyPos, struct gameState *state, int toFlag, int player)
        -: 1338:{
        -: 1339:    //Note: supplyPos is enum of choosen card
        -: 1340:
        -: 1341:    //check if supply pile is empty (0) or card is not used in game (-1)
       56: 1342:    if ( supplyCount(supplyPos, state) < 1 )
        -: 1343:    {
    #####: 1344:        return -1;
        -: 1345:    }
        -: 1346:
        -: 1347:    //added card for [whoseTurn] current player:
        -: 1348:    // toFlag = 0 : add to discard
        -: 1349:    // toFlag = 1 : add to deck
        -: 1350:    // toFlag = 2 : add to hand
        -: 1351:
       56: 1352:    if (toFlag == 1)
        -: 1353:    {
    #####: 1354:        state->deck[ player ][ state->deckCount[player] ] = supplyPos;
    #####: 1355:        state->deckCount[player]++;
        -: 1356:    }
       56: 1357:    else if (toFlag == 2)
        -: 1358:    {
        1: 1359:        state->hand[ player ][ state->handCount[player] ] = supplyPos;
        1: 1360:        state->handCount[player]++;
        -: 1361:    }
        -: 1362:    else
        -: 1363:    {
       55: 1364:        state->discard[player][ state->discardCount[player] ] = supplyPos;
       55: 1365:        state->discardCount[player]++;
        -: 1366:    }
        -: 1367:
        -: 1368:    //decrease number in supply pile
       56: 1369:    state->supplyCount[supplyPos]--;
        -: 1370:
       56: 1371:    return 0;
        -: 1372:}
        -: 1373:
      101: 1374:int updateCoins(int player, struct gameState *state, int bonus)
        -: 1375:{
        -: 1376:    int i;
        -: 1377:
        -: 1378:    //reset coin count
      101: 1379:    state->coins = 0;
        -: 1380:
        -: 1381:    //add coins for each Treasure card in player's hand
      606: 1382:    for (i = 0; i < state->handCount[player]; i++)
        -: 1383:    {
      505: 1384:        if (state->hand[player][i] == copper)
        -: 1385:        {
      404: 1386:            state->coins += 1;
        -: 1387:        }
      101: 1388:        else if (state->hand[player][i] == silver)
        -: 1389:        {
    #####: 1390:            state->coins += 2;
        -: 1391:        }
      101: 1392:        else if (state->hand[player][i] == gold)
        -: 1393:        {
    #####: 1394:            state->coins += 3;
        -: 1395:        }
        -: 1396:    }
        -: 1397:
        -: 1398:    //add bonus
      101: 1399:    state->coins += bonus;
        -: 1400:
      101: 1401:    return 0;
        -: 1402:}
        -: 1403:
        -: 1404:
        -: 1405://end of dominion.c
        -: 1406:
